  [1m[36m (16.2ms)[0m  [1mCREATE TABLE "schema_migrations" ("version" varchar NOT NULL) [0m
  [1m[35m (0.2ms)[0m  select sqlite_version(*)
  [1m[36m (8.7ms)[0m  [1mCREATE UNIQUE INDEX "unique_schema_migrations" ON "schema_migrations" ("version")[0m
  [1m[35mActiveRecord::SchemaMigration Load (0.1ms)[0m  SELECT "schema_migrations".* FROM "schema_migrations"
Migrating to CreateArticles (20160420120325)
  [1m[36m (0.9ms)[0m  [1mbegin transaction[0m
  [1m[35m (0.7ms)[0m  CREATE TABLE "articles" ("id" INTEGER PRIMARY KEY AUTOINCREMENT NOT NULL, "title" varchar, "body" text, "created_at" datetime NOT NULL, "updated_at" datetime NOT NULL) 
  [1m[36mSQL (0.7ms)[0m  [1mINSERT INTO "schema_migrations" ("version") VALUES (?)[0m  [["version", "20160420120325"]]
  [1m[35m (49.2ms)[0m  commit transaction
  [1m[36mActiveRecord::SchemaMigration Load (0.1ms)[0m  [1mSELECT "schema_migrations".* FROM "schema_migrations"[0m
  [1m[36m (0.1ms)[0m  [1mbegin transaction[0m
  [1m[35mSQL (0.4ms)[0m  INSERT INTO "articles" ("title", "body", "created_at", "updated_at") VALUES (?, ?, ?, ?)  [["title", "Sample Article Title"], ["body", "This is the text for my article, woo hoo!"], ["created_at", "2016-04-20 12:11:22.133673"], ["updated_at", "2016-04-20 12:11:22.133673"]]
  [1m[36m (25.8ms)[0m  [1mcommit transaction[0m
  [1m[35m (0.1ms)[0m  begin transaction
  [1m[36mSQL (0.2ms)[0m  [1mINSERT INTO "articles" ("title", "body", "created_at", "updated_at") VALUES (?, ?, ?, ?)[0m  [["title", "Sample Article Title #2"], ["body", "This is the text for my article #2, woo hoo!"], ["created_at", "2016-04-20 12:11:42.736602"], ["updated_at", "2016-04-20 12:11:42.736602"]]
  [1m[35m (33.3ms)[0m  commit transaction
  [1m[36m (0.1ms)[0m  [1mbegin transaction[0m
  [1m[35mSQL (0.4ms)[0m  INSERT INTO "articles" ("title", "body", "created_at", "updated_at") VALUES (?, ?, ?, ?)  [["title", "Sample Article Title #3"], ["body", "This is the text for my article #3, woo hoo!"], ["created_at", "2016-04-20 12:11:52.429725"], ["updated_at", "2016-04-20 12:11:52.429725"]]
  [1m[36m (6.7ms)[0m  [1mcommit transaction[0m
  [1m[35m (0.1ms)[0m  begin transaction
  [1m[36mSQL (0.2ms)[0m  [1mINSERT INTO "articles" ("title", "body", "created_at", "updated_at") VALUES (?, ?, ?, ?)[0m  [["title", "Sample Article Title #4"], ["body", "This is the text for my article #4, woo hoo!"], ["created_at", "2016-04-20 12:11:59.102335"], ["updated_at", "2016-04-20 12:11:59.102335"]]
  [1m[35m (9.3ms)[0m  commit transaction


Started GET "/articles" for 127.0.0.1 at 2016-04-20 20:16:17 +0800
  [1m[36mActiveRecord::SchemaMigration Load (0.2ms)[0m  [1mSELECT "schema_migrations".* FROM "schema_migrations"[0m
Processing by ArticlesController#index as HTML
  [1m[35mArticle Load (0.3ms)[0m  SELECT "articles".* FROM "articles"
  Rendered articles/index.html.erb within layouts/application (10.0ms)
Completed 200 OK in 1205ms (Views: 1186.9ms | ActiveRecord: 0.6ms)


Started GET "/assets/application.self-e80e8f2318043e8af94dddc2adad5a4f09739a8ebb323b3ab31cd71d45fd9113.css?body=1" for 127.0.0.1 at 2016-04-20 20:16:18 +0800


Started GET "/assets/articles.self-e3b0c44298fc1c149afbf4c8996fb92427ae41e4649b934ca495991b7852b855.css?body=1" for 127.0.0.1 at 2016-04-20 20:16:18 +0800


Started GET "/assets/jquery.self-660adc51e0224b731d29f575a6f1ec167ba08ad06ed5deca4f1e8654c135bf4c.js?body=1" for 127.0.0.1 at 2016-04-20 20:16:18 +0800


Started GET "/assets/turbolinks.self-c37727e9bd6b2735da5c311aa83fead54ed0be6cc8bd9a65309e9c5abe2cbfff.js?body=1" for 127.0.0.1 at 2016-04-20 20:16:18 +0800


Started GET "/assets/jquery_ujs.self-e87806d0cf4489aeb1bb7288016024e8de67fd18db693fe026fe3907581e53cd.js?body=1" for 127.0.0.1 at 2016-04-20 20:16:18 +0800


Started GET "/assets/articles.self-877aef30ae1b040ab8a3aba4e3e309a11d7f2612f44dde450b5c157aa5f95c05.js?body=1" for 127.0.0.1 at 2016-04-20 20:16:18 +0800


Started GET "/assets/application.self-3b8dabdc891efe46b9a144b400ad69e37d7e5876bdc39dee783419a69d7ca819.js?body=1" for 127.0.0.1 at 2016-04-20 20:16:18 +0800


Started GET "/articles" for 127.0.0.1 at 2016-04-20 20:18:26 +0800
  [1m[36mActiveRecord::SchemaMigration Load (0.1ms)[0m  [1mSELECT "schema_migrations".* FROM "schema_migrations"[0m
Processing by ArticlesController#index as HTML
  [1m[35mArticle Load (0.1ms)[0m  SELECT "articles".* FROM "articles"
  Rendered articles/index.html.erb within layouts/application (5.4ms)
Completed 200 OK in 267ms (Views: 257.0ms | ActiveRecord: 0.4ms)


Started GET "/articles/new" for 127.0.0.1 at 2016-04-21 13:57:50 +0800
  [1m[36mActiveRecord::SchemaMigration Load (0.5ms)[0m  [1mSELECT "schema_migrations".* FROM "schema_migrations"[0m
Processing by ArticlesController#new as HTML
  Rendered articles/new.html.erb within layouts/application (156.5ms)
Completed 200 OK in 847ms (Views: 798.1ms | ActiveRecord: 1.0ms)


Started GET "/assets/screen.self-16f83778566f2ea814368100ac8e534d7de4921c8d7334c3f01cc357b90c6547.css?body=1" for 127.0.0.1 at 2016-04-21 13:57:52 +0800


Started GET "/assets/articles.self-e3b0c44298fc1c149afbf4c8996fb92427ae41e4649b934ca495991b7852b855.css?body=1" for 127.0.0.1 at 2016-04-21 13:57:52 +0800


Started GET "/assets/articles.self-877aef30ae1b040ab8a3aba4e3e309a11d7f2612f44dde450b5c157aa5f95c05.js?body=1" for 127.0.0.1 at 2016-04-21 13:57:52 +0800


Started GET "/assets/application.self-3b8dabdc891efe46b9a144b400ad69e37d7e5876bdc39dee783419a69d7ca819.js?body=1" for 127.0.0.1 at 2016-04-21 13:57:52 +0800


Started GET "/assets/application.self-e80e8f2318043e8af94dddc2adad5a4f09739a8ebb323b3ab31cd71d45fd9113.css?body=1" for 127.0.0.1 at 2016-04-21 13:57:52 +0800


Started GET "/assets/jquery.self-660adc51e0224b731d29f575a6f1ec167ba08ad06ed5deca4f1e8654c135bf4c.js?body=1" for 127.0.0.1 at 2016-04-21 13:57:52 +0800


Started GET "/assets/jquery_ujs.self-e87806d0cf4489aeb1bb7288016024e8de67fd18db693fe026fe3907581e53cd.js?body=1" for 127.0.0.1 at 2016-04-21 13:57:52 +0800


Started GET "/assets/turbolinks.self-c37727e9bd6b2735da5c311aa83fead54ed0be6cc8bd9a65309e9c5abe2cbfff.js?body=1" for 127.0.0.1 at 2016-04-21 13:57:52 +0800


Started GET "/articles/new" for 127.0.0.1 at 2016-04-21 14:35:20 +0800
  [1m[36mActiveRecord::SchemaMigration Load (0.1ms)[0m  [1mSELECT "schema_migrations".* FROM "schema_migrations"[0m
Processing by ArticlesController#new as HTML
  Rendered articles/_form.html.erb (45.4ms)
  Rendered articles/new.html.erb within layouts/application (70.1ms)
Completed 200 OK in 338ms (Views: 326.4ms | ActiveRecord: 0.3ms)


Started GET "/articles/edit/1" for 127.0.0.1 at 2016-04-21 14:35:27 +0800

ActionController::RoutingError (No route matches [GET] "/articles/edit/1"):
  actionpack (4.2.6) lib/action_dispatch/middleware/debug_exceptions.rb:21:in `call'
  web-console (2.3.0) lib/web_console/middleware.rb:28:in `block in call'
  web-console (2.3.0) lib/web_console/middleware.rb:18:in `catch'
  web-console (2.3.0) lib/web_console/middleware.rb:18:in `call'
  actionpack (4.2.6) lib/action_dispatch/middleware/show_exceptions.rb:30:in `call'
  railties (4.2.6) lib/rails/rack/logger.rb:38:in `call_app'
  railties (4.2.6) lib/rails/rack/logger.rb:20:in `block in call'
  activesupport (4.2.6) lib/active_support/tagged_logging.rb:68:in `block in tagged'
  activesupport (4.2.6) lib/active_support/tagged_logging.rb:26:in `tagged'
  activesupport (4.2.6) lib/active_support/tagged_logging.rb:68:in `tagged'
  railties (4.2.6) lib/rails/rack/logger.rb:20:in `call'
  actionpack (4.2.6) lib/action_dispatch/middleware/request_id.rb:21:in `call'
  rack (1.6.4) lib/rack/methodoverride.rb:22:in `call'
  rack (1.6.4) lib/rack/runtime.rb:18:in `call'
  activesupport (4.2.6) lib/active_support/cache/strategy/local_cache_middleware.rb:28:in `call'
  rack (1.6.4) lib/rack/lock.rb:17:in `call'
  actionpack (4.2.6) lib/action_dispatch/middleware/static.rb:120:in `call'
  rack (1.6.4) lib/rack/sendfile.rb:113:in `call'
  railties (4.2.6) lib/rails/engine.rb:518:in `call'
  railties (4.2.6) lib/rails/application.rb:165:in `call'
  rack (1.6.4) lib/rack/lock.rb:17:in `call'
  rack (1.6.4) lib/rack/content_length.rb:15:in `call'
  rack (1.6.4) lib/rack/handler/webrick.rb:88:in `service'
  /home/gio/.rvm/rubies/ruby-2.2.4/lib/ruby/2.2.0/webrick/httpserver.rb:138:in `service'
  /home/gio/.rvm/rubies/ruby-2.2.4/lib/ruby/2.2.0/webrick/httpserver.rb:94:in `run'
  /home/gio/.rvm/rubies/ruby-2.2.4/lib/ruby/2.2.0/webrick/server.rb:294:in `block in start_thread'


  Rendered /home/gio/.rvm/gems/ruby-2.2.4/gems/actionpack-4.2.6/lib/action_dispatch/middleware/templates/rescues/_trace.html.erb (1.2ms)
  Rendered /home/gio/.rvm/gems/ruby-2.2.4/gems/actionpack-4.2.6/lib/action_dispatch/middleware/templates/routes/_route.html.erb (1.1ms)
  Rendered /home/gio/.rvm/gems/ruby-2.2.4/gems/actionpack-4.2.6/lib/action_dispatch/middleware/templates/routes/_table.html.erb (12.3ms)
  Rendered /home/gio/.rvm/gems/ruby-2.2.4/gems/actionpack-4.2.6/lib/action_dispatch/middleware/templates/rescues/_request_and_response.html.erb (1.7ms)
  Rendered /home/gio/.rvm/gems/ruby-2.2.4/gems/actionpack-4.2.6/lib/action_dispatch/middleware/templates/rescues/routing_error.html.erb within rescues/layout (41.4ms)
  Rendered /home/gio/.rvm/gems/ruby-2.2.4/gems/web-console-2.3.0/lib/web_console/templates/_markup.html.erb (0.3ms)
  Rendered /home/gio/.rvm/gems/ruby-2.2.4/gems/web-console-2.3.0/lib/web_console/templates/_inner_console_markup.html.erb within layouts/inlined_string (0.4ms)
  Rendered /home/gio/.rvm/gems/ruby-2.2.4/gems/web-console-2.3.0/lib/web_console/templates/_prompt_box_markup.html.erb within layouts/inlined_string (0.2ms)
  Rendered /home/gio/.rvm/gems/ruby-2.2.4/gems/web-console-2.3.0/lib/web_console/templates/style.css.erb within layouts/inlined_string (0.4ms)
  Rendered /home/gio/.rvm/gems/ruby-2.2.4/gems/web-console-2.3.0/lib/web_console/templates/console.js.erb within layouts/javascript (17.2ms)
  Rendered /home/gio/.rvm/gems/ruby-2.2.4/gems/web-console-2.3.0/lib/web_console/templates/main.js.erb within layouts/javascript (0.4ms)
  Rendered /home/gio/.rvm/gems/ruby-2.2.4/gems/web-console-2.3.0/lib/web_console/templates/error_page.js.erb within layouts/javascript (0.4ms)
  Rendered /home/gio/.rvm/gems/ruby-2.2.4/gems/web-console-2.3.0/lib/web_console/templates/index.html.erb (36.4ms)


Started GET "/articles/" for 127.0.0.1 at 2016-04-21 14:35:36 +0800
Processing by ArticlesController#index as HTML
  [1m[35mArticle Load (0.2ms)[0m  SELECT "articles".* FROM "articles"
  Rendered articles/index.html.erb within layouts/application (1.7ms)
Completed 200 OK in 58ms (Views: 57.7ms | ActiveRecord: 0.2ms)


Started GET "/articles/1" for 127.0.0.1 at 2016-04-21 14:35:38 +0800
Processing by ArticlesController#show as HTML
  Parameters: {"id"=>"1"}
  [1m[36mArticle Load (0.6ms)[0m  [1mSELECT  "articles".* FROM "articles" WHERE "articles"."id" = ? LIMIT 1[0m  [["id", 1]]
  Rendered articles/show.html.erb within layouts/application (2.6ms)
Completed 200 OK in 149ms (Views: 35.4ms | ActiveRecord: 0.6ms)


Started GET "/articles/1/edit" for 127.0.0.1 at 2016-04-21 14:35:40 +0800
Processing by ArticlesController#edit as HTML
  Parameters: {"id"=>"1"}
  [1m[35mArticle Load (0.3ms)[0m  SELECT  "articles".* FROM "articles" WHERE "articles"."id" = ? LIMIT 1  [["id", 1]]
  Rendered articles/_form.html.erb (6.8ms)
  Rendered articles/edit.html.erb within layouts/application (9.8ms)
Completed 200 OK in 39ms (Views: 36.7ms | ActiveRecord: 0.3ms)


Started GET "/articles" for 127.0.0.1 at 2016-04-21 14:39:05 +0800
Processing by ArticlesController#index as HTML
  [1m[36mArticle Load (0.3ms)[0m  [1mSELECT "articles".* FROM "articles"[0m
  Rendered articles/index.html.erb within layouts/application (7.9ms)
Completed 200 OK in 24ms (Views: 19.9ms | ActiveRecord: 1.7ms)


Started GET "/articles" for 127.0.0.1 at 2016-04-21 14:39:21 +0800
  [1m[36mActiveRecord::SchemaMigration Load (0.1ms)[0m  [1mSELECT "schema_migrations".* FROM "schema_migrations"[0m
Processing by ArticlesController#index as HTML
  [1m[35mArticle Load (0.3ms)[0m  SELECT "articles".* FROM "articles"
  Rendered articles/index.html.erb within layouts/application (8.9ms)
Completed 200 OK in 231ms (Views: 213.2ms | ActiveRecord: 0.7ms)


Started GET "/articles/4" for 127.0.0.1 at 2016-04-21 14:39:24 +0800
Processing by ArticlesController#show as HTML
  Parameters: {"id"=>"4"}
  [1m[36mArticle Load (0.4ms)[0m  [1mSELECT  "articles".* FROM "articles" WHERE "articles"."id" = ? LIMIT 1[0m  [["id", 4]]
  Rendered articles/show.html.erb within layouts/application (1.9ms)
Completed 200 OK in 42ms (Views: 27.3ms | ActiveRecord: 0.4ms)


Started GET "/articles/4/edit" for 127.0.0.1 at 2016-04-21 14:39:26 +0800
Processing by ArticlesController#edit as HTML
  Parameters: {"id"=>"4"}
  [1m[35mArticle Load (0.3ms)[0m  SELECT  "articles".* FROM "articles" WHERE "articles"."id" = ? LIMIT 1  [["id", 4]]
  Rendered articles/_form.html.erb (31.9ms)
  Rendered articles/edit.html.erb within layouts/application (37.8ms)
Completed 200 OK in 74ms (Views: 71.6ms | ActiveRecord: 0.3ms)


Started PATCH "/articles/4" for 127.0.0.1 at 2016-04-21 14:39:36 +0800
Processing by ArticlesController#update as HTML
  Parameters: {"utf8"=>"✓", "authenticity_token"=>"oMGq/oXeWfpS6bHK87Ddhdix8jZkhN+zFQiOJukzO70v4q1uUWrhmXqXKbtj18YRM9xjxT3chaLxYvQJ4zrzYw==", "article"=>{"title"=>"Sample Article Title #4", "body"=>"This is the text for my article #4, Woot Woot!"}, "commit"=>"Update Article", "id"=>"4"}
  [1m[36mArticle Load (0.3ms)[0m  [1mSELECT  "articles".* FROM "articles" WHERE "articles"."id" = ? LIMIT 1[0m  [["id", 4]]
  [1m[35m (0.2ms)[0m  begin transaction
  [1m[36mSQL (0.8ms)[0m  [1mUPDATE "articles" SET "body" = ?, "updated_at" = ? WHERE "articles"."id" = ?[0m  [["body", "This is the text for my article #4, Woot Woot!"], ["updated_at", "2016-04-21 06:39:36.078013"], ["id", 4]]
  [1m[35m (15.0ms)[0m  commit transaction
Redirected to http://localhost:3000/articles/4
Completed 302 Found in 28ms (ActiveRecord: 16.4ms)


Started GET "/articles/4" for 127.0.0.1 at 2016-04-21 14:39:36 +0800
Processing by ArticlesController#show as HTML
  Parameters: {"id"=>"4"}
  [1m[36mArticle Load (0.2ms)[0m  [1mSELECT  "articles".* FROM "articles" WHERE "articles"."id" = ? LIMIT 1[0m  [["id", 4]]
  Rendered articles/show.html.erb within layouts/application (4.3ms)
Completed 200 OK in 50ms (Views: 44.0ms | ActiveRecord: 0.2ms)


Started GET "/articles/4/edit" for 127.0.0.1 at 2016-04-21 14:39:58 +0800
Processing by ArticlesController#edit as HTML
  Parameters: {"id"=>"4"}
  [1m[35mArticle Load (0.3ms)[0m  SELECT  "articles".* FROM "articles" WHERE "articles"."id" = ? LIMIT 1  [["id", 4]]
  Rendered articles/_form.html.erb (4.0ms)
  Rendered articles/edit.html.erb within layouts/application (6.0ms)
Completed 200 OK in 32ms (Views: 28.9ms | ActiveRecord: 0.3ms)


Started PATCH "/articles/4" for 127.0.0.1 at 2016-04-21 14:40:08 +0800
Processing by ArticlesController#update as HTML
  Parameters: {"utf8"=>"✓", "authenticity_token"=>"y9hFbFkAFVFLwOA8ldn78YufCTePipl0YRwD1kjrQ6hE+0L8jbStMmO+eE0FvuBlYPKYxNbSw2WFdnn5QuKLdg==", "article"=>{"title"=>"Sample Article Title #4", "body"=>"This is the text for my article #4, WEEEE!!"}, "commit"=>"Update Article", "id"=>"4"}
  [1m[36mArticle Load (0.4ms)[0m  [1mSELECT  "articles".* FROM "articles" WHERE "articles"."id" = ? LIMIT 1[0m  [["id", 4]]
  [1m[35m (0.2ms)[0m  begin transaction
  [1m[36mSQL (0.6ms)[0m  [1mUPDATE "articles" SET "body" = ?, "updated_at" = ? WHERE "articles"."id" = ?[0m  [["body", "This is the text for my article #4, WEEEE!!"], ["updated_at", "2016-04-21 06:40:08.921911"], ["id", 4]]
  [1m[35m (28.1ms)[0m  commit transaction
Redirected to http://localhost:3000/articles/4
Completed 302 Found in 50ms (ActiveRecord: 29.3ms)


Started GET "/articles/4" for 127.0.0.1 at 2016-04-21 14:40:08 +0800
Processing by ArticlesController#show as HTML
  Parameters: {"id"=>"4"}
  [1m[36mArticle Load (0.2ms)[0m  [1mSELECT  "articles".* FROM "articles" WHERE "articles"."id" = ? LIMIT 1[0m  [["id", 4]]
  Rendered articles/show.html.erb within layouts/application (1.8ms)
Completed 200 OK in 35ms (Views: 32.1ms | ActiveRecord: 0.2ms)


Started GET "/articles/4/edit" for 127.0.0.1 at 2016-04-21 14:42:15 +0800
Processing by ArticlesController#edit as HTML
  Parameters: {"id"=>"4"}
  [1m[35mArticle Load (0.3ms)[0m  SELECT  "articles".* FROM "articles" WHERE "articles"."id" = ? LIMIT 1  [["id", 4]]
  Rendered articles/_form.html.erb (4.8ms)
  Rendered articles/edit.html.erb within layouts/application (7.9ms)
Completed 200 OK in 65ms (Views: 58.3ms | ActiveRecord: 0.3ms)


Started PATCH "/articles/4" for 127.0.0.1 at 2016-04-21 14:42:21 +0800
Processing by ArticlesController#update as HTML
  Parameters: {"utf8"=>"✓", "authenticity_token"=>"52+sdGRrULYV0LvLumfG7lYxNcpDQxo0GbwVA+XVgzJoTKvksN/o1T2uI7oqAN16vVykORobQCX91m8s79xL7A==", "article"=>{"title"=>"Sample Article Title #4", "body"=>"This is the text for my article #4, WEEEE!!"}, "commit"=>"Update Article", "id"=>"4"}
  [1m[36mArticle Load (0.2ms)[0m  [1mSELECT  "articles".* FROM "articles" WHERE "articles"."id" = ? LIMIT 1[0m  [["id", 4]]
  [1m[35m (0.1ms)[0m  begin transaction
  [1m[36m (0.1ms)[0m  [1mcommit transaction[0m
Redirected to http://localhost:3000/articles/4
Completed 302 Found in 4ms (ActiveRecord: 0.4ms)


Started GET "/articles/4" for 127.0.0.1 at 2016-04-21 14:42:21 +0800
Processing by ArticlesController#show as HTML
  Parameters: {"id"=>"4"}
  [1m[35mArticle Load (0.1ms)[0m  SELECT  "articles".* FROM "articles" WHERE "articles"."id" = ? LIMIT 1  [["id", 4]]
  Rendered articles/show.html.erb within layouts/application (1.1ms)
Completed 200 OK in 27ms (Views: 25.5ms | ActiveRecord: 0.1ms)


Started GET "/" for 127.0.0.1 at 2016-04-21 14:45:40 +0800
  [1m[36mActiveRecord::SchemaMigration Load (0.3ms)[0m  [1mSELECT "schema_migrations".* FROM "schema_migrations"[0m
Processing by ArticlesController#index as HTML
  [1m[35mArticle Load (0.2ms)[0m  SELECT "articles".* FROM "articles"
  Rendered articles/index.html.erb within layouts/application (7.8ms)
Completed 200 OK in 214ms (Views: 197.1ms | ActiveRecord: 0.6ms)
  [1m[36mActiveRecord::SchemaMigration Load (0.1ms)[0m  [1mSELECT "schema_migrations".* FROM "schema_migrations"[0m
Migrating to CreateComments (20160421071613)
  [1m[35m (0.1ms)[0m  begin transaction
  [1m[36m (0.4ms)[0m  [1mCREATE TABLE "comments" ("id" INTEGER PRIMARY KEY AUTOINCREMENT NOT NULL, "author_name" varchar, "body" text, "article_id" integer, "created_at" datetime NOT NULL, "updated_at" datetime NOT NULL) [0m
  [1m[35m (0.1ms)[0m  select sqlite_version(*)
  [1m[36m (0.2ms)[0m  [1mCREATE  INDEX "index_comments_on_article_id" ON "comments" ("article_id")[0m
  [1m[35mSQL (0.2ms)[0m  INSERT INTO "schema_migrations" ("version") VALUES (?)  [["version", "20160421071613"]]
  [1m[36m (38.8ms)[0m  [1mcommit transaction[0m
  [1m[35mActiveRecord::SchemaMigration Load (0.1ms)[0m  SELECT "schema_migrations".* FROM "schema_migrations"
  [1m[36m (0.2ms)[0m  [1m            SELECT sql
            FROM sqlite_master
            WHERE name='index_comments_on_article_id' AND type='index'
            UNION ALL
            SELECT sql
            FROM sqlite_temp_master
            WHERE name='index_comments_on_article_id' AND type='index'
[0m
  [1m[36m (0.4ms)[0m  [1mbegin transaction[0m
  [1m[35mArticle Load (0.3ms)[0m  SELECT  "articles".* FROM "articles"  ORDER BY "articles"."id" ASC LIMIT 1
  [1m[36mComment Load (0.7ms)[0m  [1mSELECT "comments".* FROM "comments" WHERE "comments"."article_id" = ?[0m  [["article_id", 1]]
  [1m[35m (0.1ms)[0m  SAVEPOINT active_record_1
  [1m[36mSQL (0.2ms)[0m  [1mINSERT INTO "comments" ("article_id", "author_name", "body", "created_at", "updated_at") VALUES (?, ?, ?, ?, ?)[0m  [["article_id", 1], ["author_name", "Daffy Duck"], ["body", "I think this article is thh-thh-thupid!"], ["created_at", "2016-04-21 07:21:14.749499"], ["updated_at", "2016-04-21 07:21:14.749499"]]
  [1m[35m (0.0ms)[0m  RELEASE SAVEPOINT active_record_1
  [1m[36m (0.1ms)[0m  [1mSAVEPOINT active_record_1[0m
  [1m[35mSQL (0.3ms)[0m  INSERT INTO "comments" ("author_name", "body", "article_id", "created_at", "updated_at") VALUES (?, ?, ?, ?, ?)  [["author_name", "Chewbacca"], ["body", "RAWR!"], ["article_id", 1], ["created_at", "2016-04-21 07:21:35.020492"], ["updated_at", "2016-04-21 07:21:35.020492"]]
  [1m[36m (0.0ms)[0m  [1mRELEASE SAVEPOINT active_record_1[0m
  [1m[35m (0.2ms)[0m  rollback transaction


Started GET "/articles" for 127.0.0.1 at 2016-04-28 17:09:56 +0800
  [1m[36mActiveRecord::SchemaMigration Load (0.2ms)[0m  [1mSELECT "schema_migrations".* FROM "schema_migrations"[0m
Processing by ArticlesController#index as HTML
  [1m[35mArticle Load (0.2ms)[0m  SELECT "articles".* FROM "articles"
  Rendered articles/index.html.erb within layouts/application (14.3ms)
Completed 200 OK in 583ms (Views: 537.8ms | ActiveRecord: 0.6ms)


Started GET "/assets/screen.self-16f83778566f2ea814368100ac8e534d7de4921c8d7334c3f01cc357b90c6547.css?body=1" for 127.0.0.1 at 2016-04-28 17:09:57 +0800


Started GET "/assets/articles.self-e3b0c44298fc1c149afbf4c8996fb92427ae41e4649b934ca495991b7852b855.css?body=1" for 127.0.0.1 at 2016-04-28 17:09:57 +0800


Started GET "/assets/articles.self-877aef30ae1b040ab8a3aba4e3e309a11d7f2612f44dde450b5c157aa5f95c05.js?body=1" for 127.0.0.1 at 2016-04-28 17:09:57 +0800


Started GET "/assets/jquery_ujs.self-e87806d0cf4489aeb1bb7288016024e8de67fd18db693fe026fe3907581e53cd.js?body=1" for 127.0.0.1 at 2016-04-28 17:09:57 +0800


Started GET "/assets/jquery.self-660adc51e0224b731d29f575a6f1ec167ba08ad06ed5deca4f1e8654c135bf4c.js?body=1" for 127.0.0.1 at 2016-04-28 17:09:57 +0800


Started GET "/assets/application.self-e80e8f2318043e8af94dddc2adad5a4f09739a8ebb323b3ab31cd71d45fd9113.css?body=1" for 127.0.0.1 at 2016-04-28 17:09:57 +0800


Started GET "/assets/turbolinks.self-c37727e9bd6b2735da5c311aa83fead54ed0be6cc8bd9a65309e9c5abe2cbfff.js?body=1" for 127.0.0.1 at 2016-04-28 17:09:57 +0800


Started GET "/assets/application.self-3b8dabdc891efe46b9a144b400ad69e37d7e5876bdc39dee783419a69d7ca819.js?body=1" for 127.0.0.1 at 2016-04-28 17:09:57 +0800


Started GET "/articles" for 127.0.0.1 at 2016-04-28 17:09:58 +0800
Processing by ArticlesController#index as HTML
  [1m[36mArticle Load (0.4ms)[0m  [1mSELECT "articles".* FROM "articles"[0m
  Rendered articles/index.html.erb within layouts/application (3.4ms)
Completed 200 OK in 39ms (Views: 37.3ms | ActiveRecord: 0.4ms)


Started GET "/assets/articles.self-e3b0c44298fc1c149afbf4c8996fb92427ae41e4649b934ca495991b7852b855.css?body=1" for 127.0.0.1 at 2016-04-28 17:09:58 +0800


Started GET "/assets/jquery.self-660adc51e0224b731d29f575a6f1ec167ba08ad06ed5deca4f1e8654c135bf4c.js?body=1" for 127.0.0.1 at 2016-04-28 17:09:58 +0800


Started GET "/assets/jquery_ujs.self-e87806d0cf4489aeb1bb7288016024e8de67fd18db693fe026fe3907581e53cd.js?body=1" for 127.0.0.1 at 2016-04-28 17:09:58 +0800


Started GET "/assets/turbolinks.self-c37727e9bd6b2735da5c311aa83fead54ed0be6cc8bd9a65309e9c5abe2cbfff.js?body=1" for 127.0.0.1 at 2016-04-28 17:09:58 +0800


Started GET "/assets/application.self-e80e8f2318043e8af94dddc2adad5a4f09739a8ebb323b3ab31cd71d45fd9113.css?body=1" for 127.0.0.1 at 2016-04-28 17:09:58 +0800


Started GET "/assets/screen.self-16f83778566f2ea814368100ac8e534d7de4921c8d7334c3f01cc357b90c6547.css?body=1" for 127.0.0.1 at 2016-04-28 17:09:58 +0800


Started GET "/assets/articles.self-877aef30ae1b040ab8a3aba4e3e309a11d7f2612f44dde450b5c157aa5f95c05.js?body=1" for 127.0.0.1 at 2016-04-28 17:09:58 +0800


Started GET "/assets/application.self-3b8dabdc891efe46b9a144b400ad69e37d7e5876bdc39dee783419a69d7ca819.js?body=1" for 127.0.0.1 at 2016-04-28 17:09:58 +0800


Started GET "/articles/1" for 127.0.0.1 at 2016-04-28 17:10:02 +0800
Processing by ArticlesController#show as HTML
  Parameters: {"id"=>"1"}
  [1m[35mArticle Load (0.5ms)[0m  SELECT  "articles".* FROM "articles" WHERE "articles"."id" = ? LIMIT 1  [["id", 1]]
  Rendered articles/show.html.erb within layouts/application (5.6ms)
Completed 200 OK in 145ms (Views: 84.2ms | ActiveRecord: 0.5ms)


Started GET "/" for 127.0.0.1 at 2016-05-05 22:06:56 +0800
  [1m[36mActiveRecord::SchemaMigration Load (0.1ms)[0m  [1mSELECT "schema_migrations".* FROM "schema_migrations"[0m
Processing by ArticlesController#index as HTML
  [1m[35mArticle Load (0.2ms)[0m  SELECT "articles".* FROM "articles"
  Rendered articles/index.html.erb within layouts/application (35.2ms)
Completed 200 OK in 383ms (Views: 365.1ms | ActiveRecord: 0.4ms)


Started GET "/articles/1" for 127.0.0.1 at 2016-05-05 22:07:06 +0800
Processing by ArticlesController#show as HTML
  Parameters: {"id"=>"1"}
  [1m[36mArticle Load (0.2ms)[0m  [1mSELECT  "articles".* FROM "articles" WHERE "articles"."id" = ? LIMIT 1[0m  [["id", 1]]
  [1m[35mComment Load (0.2ms)[0m  SELECT "comments".* FROM "comments" WHERE "comments"."article_id" = ?  [["article_id", 1]]
  Rendered articles/_comment.html.erb (0.0ms)
  Rendered articles/show.html.erb within layouts/application (57.7ms)
Completed 200 OK in 132ms (Views: 68.1ms | ActiveRecord: 0.6ms)
  [1m[36mArticle Load (0.2ms)[0m  [1mSELECT  "articles".* FROM "articles"  ORDER BY "articles"."id" ASC LIMIT 1[0m
  [1m[35mComment Load (0.2ms)[0m  SELECT "comments".* FROM "comments" WHERE "comments"."article_id" = ?  [["article_id", 1]]
  [1m[36m (0.2ms)[0m  [1mbegin transaction[0m
  [1m[35mSQL (0.7ms)[0m  INSERT INTO "comments" ("article_id", "author_name", "body", "created_at", "updated_at") VALUES (?, ?, ?, ?, ?)  [["article_id", 1], ["author_name", "Daffy Duck"], ["body", "I think this article is thhh-thhh-thupid!"], ["created_at", "2016-05-05 14:10:16.719324"], ["updated_at", "2016-05-05 14:10:16.719324"]]
  [1m[36m (6.8ms)[0m  [1mcommit transaction[0m
  [1m[35m (0.1ms)[0m  begin transaction
  [1m[36mSQL (0.5ms)[0m  [1mINSERT INTO "comments" ("author_name", "body", "article_id", "created_at", "updated_at") VALUES (?, ?, ?, ?, ?)[0m  [["author_name", "Chewbacca"], ["body", "RAWR!"], ["article_id", 1], ["created_at", "2016-05-05 14:10:49.032703"], ["updated_at", "2016-05-05 14:10:49.032703"]]
  [1m[35m (60.6ms)[0m  commit transaction
  [1m[36mArticle Load (0.2ms)[0m  [1mSELECT  "articles".* FROM "articles" WHERE "articles"."id" = ? LIMIT 1[0m  [["id", 1]]
  [1m[35mComment Load (0.1ms)[0m  SELECT "comments".* FROM "comments" WHERE "comments"."article_id" = ?  [["article_id", 1]]


Started GET "/articles/1" for 127.0.0.1 at 2016-05-05 22:13:47 +0800
Processing by ArticlesController#show as HTML
  Parameters: {"id"=>"1"}
  [1m[36mArticle Load (0.1ms)[0m  [1mSELECT  "articles".* FROM "articles" WHERE "articles"."id" = ? LIMIT 1[0m  [["id", 1]]
  [1m[35mComment Load (0.2ms)[0m  SELECT "comments".* FROM "comments" WHERE "comments"."article_id" = ?  [["article_id", 1]]
  Rendered articles/_comment.html.erb (0.7ms)
  Rendered articles/show.html.erb within layouts/application (10.3ms)
Completed 200 OK in 24ms (Views: 22.5ms | ActiveRecord: 0.4ms)


Started GET "/assets/application.self-e80e8f2318043e8af94dddc2adad5a4f09739a8ebb323b3ab31cd71d45fd9113.css?body=1" for 127.0.0.1 at 2016-05-05 22:13:47 +0800


Started GET "/assets/screen.self-16f83778566f2ea814368100ac8e534d7de4921c8d7334c3f01cc357b90c6547.css?body=1" for 127.0.0.1 at 2016-05-05 22:13:47 +0800


Started GET "/assets/turbolinks.self-c37727e9bd6b2735da5c311aa83fead54ed0be6cc8bd9a65309e9c5abe2cbfff.js?body=1" for 127.0.0.1 at 2016-05-05 22:13:47 +0800


Started GET "/assets/jquery_ujs.self-e87806d0cf4489aeb1bb7288016024e8de67fd18db693fe026fe3907581e53cd.js?body=1" for 127.0.0.1 at 2016-05-05 22:13:47 +0800


Started GET "/assets/jquery.self-660adc51e0224b731d29f575a6f1ec167ba08ad06ed5deca4f1e8654c135bf4c.js?body=1" for 127.0.0.1 at 2016-05-05 22:13:47 +0800


Started GET "/assets/articles.self-e3b0c44298fc1c149afbf4c8996fb92427ae41e4649b934ca495991b7852b855.css?body=1" for 127.0.0.1 at 2016-05-05 22:13:47 +0800


Started GET "/assets/articles.self-877aef30ae1b040ab8a3aba4e3e309a11d7f2612f44dde450b5c157aa5f95c05.js?body=1" for 127.0.0.1 at 2016-05-05 22:13:47 +0800


Started GET "/assets/application.self-3b8dabdc891efe46b9a144b400ad69e37d7e5876bdc39dee783419a69d7ca819.js?body=1" for 127.0.0.1 at 2016-05-05 22:13:47 +0800


Started GET "/" for 127.0.0.1 at 2016-05-05 22:28:40 +0800
  [1m[36mActiveRecord::SchemaMigration Load (0.3ms)[0m  [1mSELECT "schema_migrations".* FROM "schema_migrations"[0m
Processing by ArticlesController#index as HTML
  [1m[35mArticle Load (0.2ms)[0m  SELECT "articles".* FROM "articles"
  Rendered articles/index.html.erb within layouts/application (7.8ms)
Completed 200 OK in 313ms (Views: 291.1ms | ActiveRecord: 0.6ms)


Started GET "/articles/1" for 127.0.0.1 at 2016-05-05 22:28:45 +0800
Processing by ArticlesController#show as HTML
  Parameters: {"id"=>"1"}
  [1m[36mArticle Load (0.2ms)[0m  [1mSELECT  "articles".* FROM "articles" WHERE "articles"."id" = ? LIMIT 1[0m  [["id", 1]]
  [1m[35mComment Load (0.2ms)[0m  SELECT "comments".* FROM "comments" WHERE "comments"."article_id" = ?  [["article_id", 1]]
  Rendered articles/_comment.html.erb (0.7ms)
  Rendered comments/_form.html.erb (36.0ms)
  Rendered articles/show.html.erb within layouts/application (58.8ms)
Completed 500 Internal Server Error in 76ms (ActiveRecord: 0.9ms)

ActionView::Template::Error (undefined method `article_comments_path' for #<#<Class:0x0000000587ecb8>:0x007f72c630d6b8>):
    1: <h3>Post a Comment</h3>
    2: <%= form_for [ @article, @comment ] do |f| %>
    3: 	<p>
    4: 		<%= f.label :author_name %>
    5: 		<%= f.text_field :author_name %>
  app/views/comments/_form.html.erb:2:in `_app_views_comments__form_html_erb___1560221851301122518_70065464730060'
  app/views/articles/show.html.erb:9:in `_app_views_articles_show_html_erb__1132498858765623172_70065464041900'


  Rendered /home/gio/.rvm/gems/ruby-2.2.4/gems/actionpack-4.2.6/lib/action_dispatch/middleware/templates/rescues/_source.erb (10.5ms)
  Rendered /home/gio/.rvm/gems/ruby-2.2.4/gems/actionpack-4.2.6/lib/action_dispatch/middleware/templates/rescues/_trace.html.erb (7.4ms)
  Rendered /home/gio/.rvm/gems/ruby-2.2.4/gems/actionpack-4.2.6/lib/action_dispatch/middleware/templates/rescues/_request_and_response.html.erb (1.5ms)
  Rendered /home/gio/.rvm/gems/ruby-2.2.4/gems/actionpack-4.2.6/lib/action_dispatch/middleware/templates/rescues/template_error.html.erb within rescues/layout (35.5ms)
  Rendered /home/gio/.rvm/gems/ruby-2.2.4/gems/web-console-2.3.0/lib/web_console/templates/_markup.html.erb (0.4ms)
  Rendered /home/gio/.rvm/gems/ruby-2.2.4/gems/web-console-2.3.0/lib/web_console/templates/_inner_console_markup.html.erb within layouts/inlined_string (0.4ms)
  Rendered /home/gio/.rvm/gems/ruby-2.2.4/gems/web-console-2.3.0/lib/web_console/templates/_prompt_box_markup.html.erb within layouts/inlined_string (0.3ms)
  Rendered /home/gio/.rvm/gems/ruby-2.2.4/gems/web-console-2.3.0/lib/web_console/templates/style.css.erb within layouts/inlined_string (1.3ms)
  Rendered /home/gio/.rvm/gems/ruby-2.2.4/gems/web-console-2.3.0/lib/web_console/templates/console.js.erb within layouts/javascript (59.8ms)
  Rendered /home/gio/.rvm/gems/ruby-2.2.4/gems/web-console-2.3.0/lib/web_console/templates/main.js.erb within layouts/javascript (0.4ms)
  Rendered /home/gio/.rvm/gems/ruby-2.2.4/gems/web-console-2.3.0/lib/web_console/templates/error_page.js.erb within layouts/javascript (0.9ms)
  Rendered /home/gio/.rvm/gems/ruby-2.2.4/gems/web-console-2.3.0/lib/web_console/templates/index.html.erb (91.1ms)


Started GET "/articles/1" for 127.0.0.1 at 2016-05-05 22:28:45 +0800
Processing by ArticlesController#show as HTML
  Parameters: {"id"=>"1"}
  [1m[36mArticle Load (0.2ms)[0m  [1mSELECT  "articles".* FROM "articles" WHERE "articles"."id" = ? LIMIT 1[0m  [["id", 1]]
  [1m[35mComment Load (0.1ms)[0m  SELECT "comments".* FROM "comments" WHERE "comments"."article_id" = ?  [["article_id", 1]]
  Rendered articles/_comment.html.erb (0.4ms)
  Rendered comments/_form.html.erb (19.1ms)
  Rendered articles/show.html.erb within layouts/application (25.7ms)
Completed 500 Internal Server Error in 30ms (ActiveRecord: 0.3ms)

ActionView::Template::Error (undefined method `article_comments_path' for #<#<Class:0x0000000587ecb8>:0x007f72c60d5cd8>):
    1: <h3>Post a Comment</h3>
    2: <%= form_for [ @article, @comment ] do |f| %>
    3: 	<p>
    4: 		<%= f.label :author_name %>
    5: 		<%= f.text_field :author_name %>
  app/views/comments/_form.html.erb:2:in `_app_views_comments__form_html_erb___1560221851301122518_70065465013300'
  app/views/articles/show.html.erb:9:in `_app_views_articles_show_html_erb__1132498858765623172_70065462879500'


  Rendered /home/gio/.rvm/gems/ruby-2.2.4/gems/actionpack-4.2.6/lib/action_dispatch/middleware/templates/rescues/_source.erb (22.2ms)
  Rendered /home/gio/.rvm/gems/ruby-2.2.4/gems/actionpack-4.2.6/lib/action_dispatch/middleware/templates/rescues/_trace.html.erb (2.6ms)
  Rendered /home/gio/.rvm/gems/ruby-2.2.4/gems/actionpack-4.2.6/lib/action_dispatch/middleware/templates/rescues/_request_and_response.html.erb (1.0ms)
  Rendered /home/gio/.rvm/gems/ruby-2.2.4/gems/actionpack-4.2.6/lib/action_dispatch/middleware/templates/rescues/template_error.html.erb within rescues/layout (42.2ms)
  Rendered /home/gio/.rvm/gems/ruby-2.2.4/gems/web-console-2.3.0/lib/web_console/templates/_markup.html.erb (0.7ms)
  Rendered /home/gio/.rvm/gems/ruby-2.2.4/gems/web-console-2.3.0/lib/web_console/templates/_inner_console_markup.html.erb within layouts/inlined_string (0.3ms)
  Rendered /home/gio/.rvm/gems/ruby-2.2.4/gems/web-console-2.3.0/lib/web_console/templates/_prompt_box_markup.html.erb within layouts/inlined_string (0.5ms)
  Rendered /home/gio/.rvm/gems/ruby-2.2.4/gems/web-console-2.3.0/lib/web_console/templates/style.css.erb within layouts/inlined_string (0.6ms)
  Rendered /home/gio/.rvm/gems/ruby-2.2.4/gems/web-console-2.3.0/lib/web_console/templates/console.js.erb within layouts/javascript (15.9ms)
  Rendered /home/gio/.rvm/gems/ruby-2.2.4/gems/web-console-2.3.0/lib/web_console/templates/main.js.erb within layouts/javascript (0.2ms)
  Rendered /home/gio/.rvm/gems/ruby-2.2.4/gems/web-console-2.3.0/lib/web_console/templates/error_page.js.erb within layouts/javascript (0.4ms)
  Rendered /home/gio/.rvm/gems/ruby-2.2.4/gems/web-console-2.3.0/lib/web_console/templates/index.html.erb (33.0ms)


Started GET "/articles/1" for 127.0.0.1 at 2016-05-05 22:28:55 +0800
Processing by ArticlesController#show as HTML
  Parameters: {"id"=>"1"}
  [1m[36mArticle Load (0.1ms)[0m  [1mSELECT  "articles".* FROM "articles" WHERE "articles"."id" = ? LIMIT 1[0m  [["id", 1]]
  [1m[35mComment Load (0.2ms)[0m  SELECT "comments".* FROM "comments" WHERE "comments"."article_id" = ?  [["article_id", 1]]
  Rendered articles/_comment.html.erb (0.1ms)
  Rendered comments/_form.html.erb (21.8ms)
  Rendered articles/show.html.erb within layouts/application (25.0ms)
Completed 500 Internal Server Error in 28ms (ActiveRecord: 0.3ms)

ActionView::Template::Error (undefined method `article_comments_path' for #<#<Class:0x0000000587ecb8>:0x007f72c60c0798>):
    1: <h3>Post a Comment</h3>
    2: <% form_for [ @article, @comment ] do |f| %>
    3: 	<p>
    4: 		<%= f.label :author_name %>
    5: 		<%= f.text_field :author_name %>
  app/views/comments/_form.html.erb:2:in `_app_views_comments__form_html_erb___1560221851301122518_70065462622460'
  app/views/articles/show.html.erb:9:in `_app_views_articles_show_html_erb__1132498858765623172_70065462879500'


  Rendered /home/gio/.rvm/gems/ruby-2.2.4/gems/actionpack-4.2.6/lib/action_dispatch/middleware/templates/rescues/_source.erb (8.0ms)
  Rendered /home/gio/.rvm/gems/ruby-2.2.4/gems/actionpack-4.2.6/lib/action_dispatch/middleware/templates/rescues/_trace.html.erb (4.5ms)
  Rendered /home/gio/.rvm/gems/ruby-2.2.4/gems/actionpack-4.2.6/lib/action_dispatch/middleware/templates/rescues/_request_and_response.html.erb (1.0ms)
  Rendered /home/gio/.rvm/gems/ruby-2.2.4/gems/actionpack-4.2.6/lib/action_dispatch/middleware/templates/rescues/template_error.html.erb within rescues/layout (27.7ms)
  Rendered /home/gio/.rvm/gems/ruby-2.2.4/gems/web-console-2.3.0/lib/web_console/templates/_markup.html.erb (0.7ms)
  Rendered /home/gio/.rvm/gems/ruby-2.2.4/gems/web-console-2.3.0/lib/web_console/templates/_inner_console_markup.html.erb within layouts/inlined_string (0.3ms)
  Rendered /home/gio/.rvm/gems/ruby-2.2.4/gems/web-console-2.3.0/lib/web_console/templates/_prompt_box_markup.html.erb within layouts/inlined_string (0.3ms)
  Rendered /home/gio/.rvm/gems/ruby-2.2.4/gems/web-console-2.3.0/lib/web_console/templates/style.css.erb within layouts/inlined_string (0.4ms)
  Rendered /home/gio/.rvm/gems/ruby-2.2.4/gems/web-console-2.3.0/lib/web_console/templates/console.js.erb within layouts/javascript (27.0ms)
  Rendered /home/gio/.rvm/gems/ruby-2.2.4/gems/web-console-2.3.0/lib/web_console/templates/main.js.erb within layouts/javascript (0.9ms)
  Rendered /home/gio/.rvm/gems/ruby-2.2.4/gems/web-console-2.3.0/lib/web_console/templates/error_page.js.erb within layouts/javascript (0.4ms)
  Rendered /home/gio/.rvm/gems/ruby-2.2.4/gems/web-console-2.3.0/lib/web_console/templates/index.html.erb (44.9ms)


Started GET "/articles/1" for 127.0.0.1 at 2016-05-05 22:29:43 +0800
Processing by ArticlesController#show as HTML
  Parameters: {"id"=>"1"}
  [1m[36mArticle Load (0.1ms)[0m  [1mSELECT  "articles".* FROM "articles" WHERE "articles"."id" = ? LIMIT 1[0m  [["id", 1]]
  [1m[35mComment Load (0.2ms)[0m  SELECT "comments".* FROM "comments" WHERE "comments"."article_id" = ?  [["article_id", 1]]
  Rendered articles/_comment.html.erb (0.1ms)
  Rendered comments/_form.html.erb (2.9ms)
  Rendered articles/show.html.erb within layouts/application (7.0ms)
Completed 500 Internal Server Error in 11ms (ActiveRecord: 0.3ms)

ActionView::Template::Error (can't write unknown attribute `html`):
    1: <h3>Post a Comment</h3>
    2: <%= form_for @article, @comment do |f| %>
    3: 	<p>
    4: 		<%= f.label :author_name %>
    5: 		<%= f.text_field :author_name %>
  app/views/comments/_form.html.erb:2:in `_app_views_comments__form_html_erb___1560221851301122518_70065458862840'
  app/views/articles/show.html.erb:9:in `_app_views_articles_show_html_erb__1132498858765623172_70065462879500'


  Rendered /home/gio/.rvm/gems/ruby-2.2.4/gems/actionpack-4.2.6/lib/action_dispatch/middleware/templates/rescues/_source.erb (32.5ms)
  Rendered /home/gio/.rvm/gems/ruby-2.2.4/gems/actionpack-4.2.6/lib/action_dispatch/middleware/templates/rescues/_trace.html.erb (3.8ms)
  Rendered /home/gio/.rvm/gems/ruby-2.2.4/gems/actionpack-4.2.6/lib/action_dispatch/middleware/templates/rescues/_request_and_response.html.erb (0.9ms)
  Rendered /home/gio/.rvm/gems/ruby-2.2.4/gems/actionpack-4.2.6/lib/action_dispatch/middleware/templates/rescues/template_error.html.erb within rescues/layout (50.3ms)
  Rendered /home/gio/.rvm/gems/ruby-2.2.4/gems/web-console-2.3.0/lib/web_console/templates/_markup.html.erb (0.5ms)
  Rendered /home/gio/.rvm/gems/ruby-2.2.4/gems/web-console-2.3.0/lib/web_console/templates/_inner_console_markup.html.erb within layouts/inlined_string (0.3ms)
  Rendered /home/gio/.rvm/gems/ruby-2.2.4/gems/web-console-2.3.0/lib/web_console/templates/_prompt_box_markup.html.erb within layouts/inlined_string (0.3ms)
  Rendered /home/gio/.rvm/gems/ruby-2.2.4/gems/web-console-2.3.0/lib/web_console/templates/style.css.erb within layouts/inlined_string (0.6ms)
  Rendered /home/gio/.rvm/gems/ruby-2.2.4/gems/web-console-2.3.0/lib/web_console/templates/console.js.erb within layouts/javascript (16.8ms)
  Rendered /home/gio/.rvm/gems/ruby-2.2.4/gems/web-console-2.3.0/lib/web_console/templates/main.js.erb within layouts/javascript (0.3ms)
  Rendered /home/gio/.rvm/gems/ruby-2.2.4/gems/web-console-2.3.0/lib/web_console/templates/error_page.js.erb within layouts/javascript (0.7ms)
  Rendered /home/gio/.rvm/gems/ruby-2.2.4/gems/web-console-2.3.0/lib/web_console/templates/index.html.erb (32.8ms)


Started GET "/articles/1" for 127.0.0.1 at 2016-05-05 22:30:27 +0800
Processing by ArticlesController#show as HTML
  Parameters: {"id"=>"1"}
  [1m[36mArticle Load (0.3ms)[0m  [1mSELECT  "articles".* FROM "articles" WHERE "articles"."id" = ? LIMIT 1[0m  [["id", 1]]
  [1m[35mComment Load (0.1ms)[0m  SELECT "comments".* FROM "comments" WHERE "comments"."article_id" = ?  [["article_id", 1]]
  Rendered articles/_comment.html.erb (0.1ms)
  Rendered comments/_form.html.erb (15.9ms)
  Rendered articles/show.html.erb within layouts/application (19.5ms)
Completed 500 Internal Server Error in 24ms (ActiveRecord: 0.4ms)

ActionView::Template::Error (undefined method `article_comments_path' for #<#<Class:0x0000000587ecb8>:0x007f72c6b2e090>):
    1: <h3>Post a Comment</h3>
    2: <%= form_for [ @article, @comment ] do |f| %>
    3: 	<p>
    4: 		<%= f.label :author_name %>
    5: 		<%= f.text_field :author_name %>
  app/views/comments/_form.html.erb:2:in `_app_views_comments__form_html_erb___1560221851301122518_70065465101280'
  app/views/articles/show.html.erb:9:in `_app_views_articles_show_html_erb__1132498858765623172_70065462879500'


  Rendered /home/gio/.rvm/gems/ruby-2.2.4/gems/actionpack-4.2.6/lib/action_dispatch/middleware/templates/rescues/_source.erb (13.4ms)
  Rendered /home/gio/.rvm/gems/ruby-2.2.4/gems/actionpack-4.2.6/lib/action_dispatch/middleware/templates/rescues/_trace.html.erb (2.2ms)
  Rendered /home/gio/.rvm/gems/ruby-2.2.4/gems/actionpack-4.2.6/lib/action_dispatch/middleware/templates/rescues/_request_and_response.html.erb (0.9ms)
  Rendered /home/gio/.rvm/gems/ruby-2.2.4/gems/actionpack-4.2.6/lib/action_dispatch/middleware/templates/rescues/template_error.html.erb within rescues/layout (28.9ms)
  Rendered /home/gio/.rvm/gems/ruby-2.2.4/gems/web-console-2.3.0/lib/web_console/templates/_markup.html.erb (0.5ms)
  Rendered /home/gio/.rvm/gems/ruby-2.2.4/gems/web-console-2.3.0/lib/web_console/templates/_inner_console_markup.html.erb within layouts/inlined_string (17.0ms)
  Rendered /home/gio/.rvm/gems/ruby-2.2.4/gems/web-console-2.3.0/lib/web_console/templates/_prompt_box_markup.html.erb within layouts/inlined_string (0.5ms)
  Rendered /home/gio/.rvm/gems/ruby-2.2.4/gems/web-console-2.3.0/lib/web_console/templates/style.css.erb within layouts/inlined_string (0.4ms)
  Rendered /home/gio/.rvm/gems/ruby-2.2.4/gems/web-console-2.3.0/lib/web_console/templates/console.js.erb within layouts/javascript (33.6ms)
  Rendered /home/gio/.rvm/gems/ruby-2.2.4/gems/web-console-2.3.0/lib/web_console/templates/main.js.erb within layouts/javascript (0.4ms)
  Rendered /home/gio/.rvm/gems/ruby-2.2.4/gems/web-console-2.3.0/lib/web_console/templates/error_page.js.erb within layouts/javascript (0.4ms)
  Rendered /home/gio/.rvm/gems/ruby-2.2.4/gems/web-console-2.3.0/lib/web_console/templates/index.html.erb (50.3ms)


Started GET "/articles/1" for 127.0.0.1 at 2016-05-05 22:31:28 +0800
Processing by ArticlesController#show as HTML
  Parameters: {"id"=>"1"}
  [1m[36mArticle Load (0.1ms)[0m  [1mSELECT  "articles".* FROM "articles" WHERE "articles"."id" = ? LIMIT 1[0m  [["id", 1]]
  [1m[35mComment Load (0.3ms)[0m  SELECT "comments".* FROM "comments" WHERE "comments"."article_id" = ?  [["article_id", 1]]
  Rendered articles/_comment.html.erb (0.2ms)
  Rendered comments/_form.html.erb (64.3ms)
  Rendered articles/show.html.erb within layouts/application (73.0ms)
Completed 200 OK in 115ms (Views: 104.2ms | ActiveRecord: 1.1ms)


Started GET "/assets/articles.self-e3b0c44298fc1c149afbf4c8996fb92427ae41e4649b934ca495991b7852b855.css?body=1" for 127.0.0.1 at 2016-05-05 22:31:28 +0800


Started GET "/assets/screen.self-16f83778566f2ea814368100ac8e534d7de4921c8d7334c3f01cc357b90c6547.css?body=1" for 127.0.0.1 at 2016-05-05 22:31:28 +0800


Started GET "/assets/application.self-e80e8f2318043e8af94dddc2adad5a4f09739a8ebb323b3ab31cd71d45fd9113.css?body=1" for 127.0.0.1 at 2016-05-05 22:31:28 +0800


Started GET "/assets/jquery_ujs.self-e87806d0cf4489aeb1bb7288016024e8de67fd18db693fe026fe3907581e53cd.js?body=1" for 127.0.0.1 at 2016-05-05 22:31:29 +0800


Started GET "/assets/application.self-3b8dabdc891efe46b9a144b400ad69e37d7e5876bdc39dee783419a69d7ca819.js?body=1" for 127.0.0.1 at 2016-05-05 22:31:29 +0800


Started GET "/assets/turbolinks.self-c37727e9bd6b2735da5c311aa83fead54ed0be6cc8bd9a65309e9c5abe2cbfff.js?body=1" for 127.0.0.1 at 2016-05-05 22:31:29 +0800


Started GET "/assets/jquery.self-660adc51e0224b731d29f575a6f1ec167ba08ad06ed5deca4f1e8654c135bf4c.js?body=1" for 127.0.0.1 at 2016-05-05 22:31:29 +0800


Started GET "/assets/articles.self-877aef30ae1b040ab8a3aba4e3e309a11d7f2612f44dde450b5c157aa5f95c05.js?body=1" for 127.0.0.1 at 2016-05-05 22:31:29 +0800


Started POST "/articles/1/comments" for 127.0.0.1 at 2016-05-05 22:31:40 +0800

ActionController::RoutingError (uninitialized constant CommentsController):
  activesupport (4.2.6) lib/active_support/inflector/methods.rb:261:in `const_get'
  activesupport (4.2.6) lib/active_support/inflector/methods.rb:261:in `block in constantize'
  activesupport (4.2.6) lib/active_support/inflector/methods.rb:259:in `each'
  activesupport (4.2.6) lib/active_support/inflector/methods.rb:259:in `inject'
  activesupport (4.2.6) lib/active_support/inflector/methods.rb:259:in `constantize'
  actionpack (4.2.6) lib/action_dispatch/routing/route_set.rb:70:in `controller_reference'
  actionpack (4.2.6) lib/action_dispatch/routing/route_set.rb:60:in `controller'
  actionpack (4.2.6) lib/action_dispatch/routing/route_set.rb:39:in `serve'
  actionpack (4.2.6) lib/action_dispatch/journey/router.rb:43:in `block in serve'
  actionpack (4.2.6) lib/action_dispatch/journey/router.rb:30:in `each'
  actionpack (4.2.6) lib/action_dispatch/journey/router.rb:30:in `serve'
  actionpack (4.2.6) lib/action_dispatch/routing/route_set.rb:817:in `call'
  rack (1.6.4) lib/rack/etag.rb:24:in `call'
  rack (1.6.4) lib/rack/conditionalget.rb:38:in `call'
  rack (1.6.4) lib/rack/head.rb:13:in `call'
  actionpack (4.2.6) lib/action_dispatch/middleware/params_parser.rb:27:in `call'
  actionpack (4.2.6) lib/action_dispatch/middleware/flash.rb:260:in `call'
  rack (1.6.4) lib/rack/session/abstract/id.rb:225:in `context'
  rack (1.6.4) lib/rack/session/abstract/id.rb:220:in `call'
  actionpack (4.2.6) lib/action_dispatch/middleware/cookies.rb:560:in `call'
  activerecord (4.2.6) lib/active_record/query_cache.rb:36:in `call'
  activerecord (4.2.6) lib/active_record/connection_adapters/abstract/connection_pool.rb:653:in `call'
  activerecord (4.2.6) lib/active_record/migration.rb:377:in `call'
  actionpack (4.2.6) lib/action_dispatch/middleware/callbacks.rb:29:in `block in call'
  activesupport (4.2.6) lib/active_support/callbacks.rb:88:in `__run_callbacks__'
  activesupport (4.2.6) lib/active_support/callbacks.rb:778:in `_run_call_callbacks'
  activesupport (4.2.6) lib/active_support/callbacks.rb:81:in `run_callbacks'
  actionpack (4.2.6) lib/action_dispatch/middleware/callbacks.rb:27:in `call'
  actionpack (4.2.6) lib/action_dispatch/middleware/reloader.rb:73:in `call'
  actionpack (4.2.6) lib/action_dispatch/middleware/remote_ip.rb:78:in `call'
  actionpack (4.2.6) lib/action_dispatch/middleware/debug_exceptions.rb:17:in `call'
  web-console (2.3.0) lib/web_console/middleware.rb:28:in `block in call'
  web-console (2.3.0) lib/web_console/middleware.rb:18:in `catch'
  web-console (2.3.0) lib/web_console/middleware.rb:18:in `call'
  actionpack (4.2.6) lib/action_dispatch/middleware/show_exceptions.rb:30:in `call'
  railties (4.2.6) lib/rails/rack/logger.rb:38:in `call_app'
  railties (4.2.6) lib/rails/rack/logger.rb:20:in `block in call'
  activesupport (4.2.6) lib/active_support/tagged_logging.rb:68:in `block in tagged'
  activesupport (4.2.6) lib/active_support/tagged_logging.rb:26:in `tagged'
  activesupport (4.2.6) lib/active_support/tagged_logging.rb:68:in `tagged'
  railties (4.2.6) lib/rails/rack/logger.rb:20:in `call'
  actionpack (4.2.6) lib/action_dispatch/middleware/request_id.rb:21:in `call'
  rack (1.6.4) lib/rack/methodoverride.rb:22:in `call'
  rack (1.6.4) lib/rack/runtime.rb:18:in `call'
  activesupport (4.2.6) lib/active_support/cache/strategy/local_cache_middleware.rb:28:in `call'
  rack (1.6.4) lib/rack/lock.rb:17:in `call'
  actionpack (4.2.6) lib/action_dispatch/middleware/static.rb:120:in `call'
  rack (1.6.4) lib/rack/sendfile.rb:113:in `call'
  railties (4.2.6) lib/rails/engine.rb:518:in `call'
  railties (4.2.6) lib/rails/application.rb:165:in `call'
  rack (1.6.4) lib/rack/lock.rb:17:in `call'
  rack (1.6.4) lib/rack/content_length.rb:15:in `call'
  rack (1.6.4) lib/rack/handler/webrick.rb:88:in `service'
  /home/gio/.rvm/rubies/ruby-2.2.4/lib/ruby/2.2.0/webrick/httpserver.rb:138:in `service'
  /home/gio/.rvm/rubies/ruby-2.2.4/lib/ruby/2.2.0/webrick/httpserver.rb:94:in `run'
  /home/gio/.rvm/rubies/ruby-2.2.4/lib/ruby/2.2.0/webrick/server.rb:294:in `block in start_thread'


  Rendered /home/gio/.rvm/gems/ruby-2.2.4/gems/actionpack-4.2.6/lib/action_dispatch/middleware/templates/rescues/_trace.html.erb (1.7ms)
  Rendered /home/gio/.rvm/gems/ruby-2.2.4/gems/actionpack-4.2.6/lib/action_dispatch/middleware/templates/routes/_route.html.erb (1.3ms)
  Rendered /home/gio/.rvm/gems/ruby-2.2.4/gems/actionpack-4.2.6/lib/action_dispatch/middleware/templates/routes/_table.html.erb (7.1ms)
  Rendered /home/gio/.rvm/gems/ruby-2.2.4/gems/actionpack-4.2.6/lib/action_dispatch/middleware/templates/rescues/_request_and_response.html.erb (2.2ms)
  Rendered /home/gio/.rvm/gems/ruby-2.2.4/gems/actionpack-4.2.6/lib/action_dispatch/middleware/templates/rescues/routing_error.html.erb within rescues/layout (56.2ms)
  Rendered /home/gio/.rvm/gems/ruby-2.2.4/gems/web-console-2.3.0/lib/web_console/templates/_markup.html.erb (0.4ms)
  Rendered /home/gio/.rvm/gems/ruby-2.2.4/gems/web-console-2.3.0/lib/web_console/templates/_inner_console_markup.html.erb within layouts/inlined_string (0.4ms)
  Rendered /home/gio/.rvm/gems/ruby-2.2.4/gems/web-console-2.3.0/lib/web_console/templates/_prompt_box_markup.html.erb within layouts/inlined_string (0.3ms)
  Rendered /home/gio/.rvm/gems/ruby-2.2.4/gems/web-console-2.3.0/lib/web_console/templates/style.css.erb within layouts/inlined_string (0.5ms)
  Rendered /home/gio/.rvm/gems/ruby-2.2.4/gems/web-console-2.3.0/lib/web_console/templates/console.js.erb within layouts/javascript (17.4ms)
  Rendered /home/gio/.rvm/gems/ruby-2.2.4/gems/web-console-2.3.0/lib/web_console/templates/main.js.erb within layouts/javascript (0.4ms)
  Rendered /home/gio/.rvm/gems/ruby-2.2.4/gems/web-console-2.3.0/lib/web_console/templates/error_page.js.erb within layouts/javascript (0.4ms)
  Rendered /home/gio/.rvm/gems/ruby-2.2.4/gems/web-console-2.3.0/lib/web_console/templates/index.html.erb (35.3ms)


Started GET "/articles/1" for 127.0.0.1 at 2016-05-05 22:32:47 +0800
Processing by ArticlesController#show as HTML
  Parameters: {"id"=>"1"}
  [1m[36mArticle Load (0.1ms)[0m  [1mSELECT  "articles".* FROM "articles" WHERE "articles"."id" = ? LIMIT 1[0m  [["id", 1]]
Completed 500 Internal Server Error in 11ms (ActiveRecord: 0.7ms)

NoMethodError (undefined method `comment' for #<Article:0x007f72c66663f0>):
  app/controllers/articles_controller.rb:9:in `show'


  Rendered /home/gio/.rvm/gems/ruby-2.2.4/gems/actionpack-4.2.6/lib/action_dispatch/middleware/templates/rescues/_source.erb (4.0ms)
  Rendered /home/gio/.rvm/gems/ruby-2.2.4/gems/actionpack-4.2.6/lib/action_dispatch/middleware/templates/rescues/_trace.html.erb (2.5ms)
  Rendered /home/gio/.rvm/gems/ruby-2.2.4/gems/actionpack-4.2.6/lib/action_dispatch/middleware/templates/rescues/_request_and_response.html.erb (1.4ms)
  Rendered /home/gio/.rvm/gems/ruby-2.2.4/gems/actionpack-4.2.6/lib/action_dispatch/middleware/templates/rescues/diagnostics.html.erb within rescues/layout (22.1ms)
  Rendered /home/gio/.rvm/gems/ruby-2.2.4/gems/web-console-2.3.0/lib/web_console/templates/_markup.html.erb (0.5ms)
  Rendered /home/gio/.rvm/gems/ruby-2.2.4/gems/web-console-2.3.0/lib/web_console/templates/_inner_console_markup.html.erb within layouts/inlined_string (0.3ms)
  Rendered /home/gio/.rvm/gems/ruby-2.2.4/gems/web-console-2.3.0/lib/web_console/templates/_prompt_box_markup.html.erb within layouts/inlined_string (1.0ms)
  Rendered /home/gio/.rvm/gems/ruby-2.2.4/gems/web-console-2.3.0/lib/web_console/templates/style.css.erb within layouts/inlined_string (0.5ms)
  Rendered /home/gio/.rvm/gems/ruby-2.2.4/gems/web-console-2.3.0/lib/web_console/templates/console.js.erb within layouts/javascript (19.5ms)
  Rendered /home/gio/.rvm/gems/ruby-2.2.4/gems/web-console-2.3.0/lib/web_console/templates/main.js.erb within layouts/javascript (0.4ms)
  Rendered /home/gio/.rvm/gems/ruby-2.2.4/gems/web-console-2.3.0/lib/web_console/templates/error_page.js.erb within layouts/javascript (0.3ms)
  Rendered /home/gio/.rvm/gems/ruby-2.2.4/gems/web-console-2.3.0/lib/web_console/templates/index.html.erb (36.1ms)


Started GET "/articles/1" for 127.0.0.1 at 2016-05-05 22:33:16 +0800
Processing by ArticlesController#show as HTML
  Parameters: {"id"=>"1"}
  [1m[35mArticle Load (0.2ms)[0m  SELECT  "articles".* FROM "articles" WHERE "articles"."id" = ? LIMIT 1  [["id", 1]]
  [1m[36mComment Load (0.2ms)[0m  [1mSELECT "comments".* FROM "comments" WHERE "comments"."article_id" = ?[0m  [["article_id", 1]]
  Rendered articles/_comment.html.erb (0.1ms)
  Rendered comments/_form.html.erb (1.9ms)
  Rendered articles/show.html.erb within layouts/application (7.7ms)
Completed 200 OK in 42ms (Views: 27.9ms | ActiveRecord: 1.3ms)


Started GET "/assets/articles.self-e3b0c44298fc1c149afbf4c8996fb92427ae41e4649b934ca495991b7852b855.css?body=1" for 127.0.0.1 at 2016-05-05 22:33:16 +0800


Started GET "/assets/application.self-e80e8f2318043e8af94dddc2adad5a4f09739a8ebb323b3ab31cd71d45fd9113.css?body=1" for 127.0.0.1 at 2016-05-05 22:33:16 +0800


Started GET "/assets/jquery_ujs.self-e87806d0cf4489aeb1bb7288016024e8de67fd18db693fe026fe3907581e53cd.js?body=1" for 127.0.0.1 at 2016-05-05 22:33:16 +0800


Started GET "/assets/articles.self-877aef30ae1b040ab8a3aba4e3e309a11d7f2612f44dde450b5c157aa5f95c05.js?body=1" for 127.0.0.1 at 2016-05-05 22:33:16 +0800


Started GET "/assets/screen.self-16f83778566f2ea814368100ac8e534d7de4921c8d7334c3f01cc357b90c6547.css?body=1" for 127.0.0.1 at 2016-05-05 22:33:16 +0800


Started GET "/assets/jquery.self-660adc51e0224b731d29f575a6f1ec167ba08ad06ed5deca4f1e8654c135bf4c.js?body=1" for 127.0.0.1 at 2016-05-05 22:33:16 +0800


Started GET "/assets/turbolinks.self-c37727e9bd6b2735da5c311aa83fead54ed0be6cc8bd9a65309e9c5abe2cbfff.js?body=1" for 127.0.0.1 at 2016-05-05 22:33:16 +0800


Started GET "/assets/application.self-3b8dabdc891efe46b9a144b400ad69e37d7e5876bdc39dee783419a69d7ca819.js?body=1" for 127.0.0.1 at 2016-05-05 22:33:16 +0800


Started POST "/articles/1/comments" for 127.0.0.1 at 2016-05-05 22:38:36 +0800
Processing by CommentsController#create as HTML
  Parameters: {"utf8"=>"✓", "authenticity_token"=>"LAgtwsyzJ44Unj2Tkv0wtthIzwuQy7Np8HhhmErMJXjM2sRVHsSikMiSj+Ahmdy+MNEm81Dbh+vkffNy9wfRoA==", "comment"=>{"author_name"=>"foo bar", "body"=>"foo bar is awesome!"}, "commit"=>"Submit", "article_id"=>"1"}
  [1m[35m (0.0ms)[0m  begin transaction
  [1m[36mSQL (0.5ms)[0m  [1mINSERT INTO "comments" ("author_name", "body", "article_id", "created_at", "updated_at") VALUES (?, ?, ?, ?, ?)[0m  [["author_name", "foo bar"], ["body", "foo bar is awesome!"], ["article_id", 1], ["created_at", "2016-05-05 14:38:36.538451"], ["updated_at", "2016-05-05 14:38:36.538451"]]
  [1m[35m (6.2ms)[0m  commit transaction
  [1m[36mArticle Load (0.2ms)[0m  [1mSELECT  "articles".* FROM "articles" WHERE "articles"."id" = ? LIMIT 1[0m  [["id", 1]]
Redirected to http://localhost:3000/articles/1
Completed 302 Found in 25ms (ActiveRecord: 7.5ms)


Started GET "/articles/1" for 127.0.0.1 at 2016-05-05 22:38:36 +0800
Processing by ArticlesController#show as HTML
  Parameters: {"id"=>"1"}
  [1m[35mArticle Load (0.2ms)[0m  SELECT  "articles".* FROM "articles" WHERE "articles"."id" = ? LIMIT 1  [["id", 1]]
  [1m[36mComment Load (0.2ms)[0m  [1mSELECT "comments".* FROM "comments" WHERE "comments"."article_id" = ?[0m  [["article_id", 1]]
  Rendered articles/_comment.html.erb (0.1ms)
  Rendered comments/_form.html.erb (1.7ms)
  Rendered articles/show.html.erb within layouts/application (10.0ms)
Completed 200 OK in 146ms (Views: 143.8ms | ActiveRecord: 0.3ms)


Started GET "/assets/comments.self-e3b0c44298fc1c149afbf4c8996fb92427ae41e4649b934ca495991b7852b855.css?body=1" for 127.0.0.1 at 2016-05-05 22:38:36 +0800


Started GET "/assets/comments.self-877aef30ae1b040ab8a3aba4e3e309a11d7f2612f44dde450b5c157aa5f95c05.js?body=1" for 127.0.0.1 at 2016-05-05 22:38:36 +0800


Started GET "/articles/1" for 127.0.0.1 at 2016-05-05 22:44:06 +0800
Processing by ArticlesController#show as HTML
  Parameters: {"id"=>"1"}
  [1m[35mArticle Load (0.1ms)[0m  SELECT  "articles".* FROM "articles" WHERE "articles"."id" = ? LIMIT 1  [["id", 1]]
  [1m[36m (0.2ms)[0m  [1mSELECT COUNT(*) FROM "comments" WHERE "comments"."article_id" = ?[0m  [["article_id", 1]]
  [1m[35mComment Load (0.2ms)[0m  SELECT "comments".* FROM "comments" WHERE "comments"."article_id" = ?  [["article_id", 1]]
  Rendered articles/_comment.html.erb (1.5ms)
  Rendered comments/_form.html.erb (2.5ms)
  Rendered articles/show.html.erb within layouts/application (10.8ms)
Completed 500 Internal Server Error in 14ms (ActiveRecord: 0.5ms)

ActionView::Template::Error (undefined method `merge' for "Your name":String):
    2: <%= form_for [ @article, @comment ] do |f| %>
    3: 	<p>
    4: 		<%= f.label :author_name %>
    5: 		<%= f.text_field :author_name, "Your name" %>
    6: 	</p>
    7: 	<p>
    8: 		<%= f.label :body %>
  app/views/comments/_form.html.erb:5:in `block in _app_views_comments__form_html_erb___1560221851301122518_70065469088500'
  app/views/comments/_form.html.erb:2:in `_app_views_comments__form_html_erb___1560221851301122518_70065469088500'
  app/views/articles/show.html.erb:9:in `_app_views_articles_show_html_erb__1132498858765623172_27774640'


  Rendered /home/gio/.rvm/gems/ruby-2.2.4/gems/actionpack-4.2.6/lib/action_dispatch/middleware/templates/rescues/_source.erb (6.6ms)
  Rendered /home/gio/.rvm/gems/ruby-2.2.4/gems/actionpack-4.2.6/lib/action_dispatch/middleware/templates/rescues/_trace.html.erb (3.0ms)
  Rendered /home/gio/.rvm/gems/ruby-2.2.4/gems/actionpack-4.2.6/lib/action_dispatch/middleware/templates/rescues/_request_and_response.html.erb (1.0ms)
  Rendered /home/gio/.rvm/gems/ruby-2.2.4/gems/actionpack-4.2.6/lib/action_dispatch/middleware/templates/rescues/template_error.html.erb within rescues/layout (26.4ms)
  Rendered /home/gio/.rvm/gems/ruby-2.2.4/gems/web-console-2.3.0/lib/web_console/templates/_markup.html.erb (0.5ms)
  Rendered /home/gio/.rvm/gems/ruby-2.2.4/gems/web-console-2.3.0/lib/web_console/templates/_inner_console_markup.html.erb within layouts/inlined_string (0.4ms)
  Rendered /home/gio/.rvm/gems/ruby-2.2.4/gems/web-console-2.3.0/lib/web_console/templates/_prompt_box_markup.html.erb within layouts/inlined_string (0.3ms)
  Rendered /home/gio/.rvm/gems/ruby-2.2.4/gems/web-console-2.3.0/lib/web_console/templates/style.css.erb within layouts/inlined_string (0.4ms)
  Rendered /home/gio/.rvm/gems/ruby-2.2.4/gems/web-console-2.3.0/lib/web_console/templates/console.js.erb within layouts/javascript (16.7ms)
  Rendered /home/gio/.rvm/gems/ruby-2.2.4/gems/web-console-2.3.0/lib/web_console/templates/main.js.erb within layouts/javascript (0.2ms)
  Rendered /home/gio/.rvm/gems/ruby-2.2.4/gems/web-console-2.3.0/lib/web_console/templates/error_page.js.erb within layouts/javascript (0.7ms)
  Rendered /home/gio/.rvm/gems/ruby-2.2.4/gems/web-console-2.3.0/lib/web_console/templates/index.html.erb (33.5ms)


Started GET "/articles/1" for 127.0.0.1 at 2016-05-05 22:45:09 +0800
Processing by ArticlesController#show as HTML
  Parameters: {"id"=>"1"}
  [1m[36mArticle Load (0.1ms)[0m  [1mSELECT  "articles".* FROM "articles" WHERE "articles"."id" = ? LIMIT 1[0m  [["id", 1]]
  [1m[35m (0.1ms)[0m  SELECT COUNT(*) FROM "comments" WHERE "comments"."article_id" = ?  [["article_id", 1]]
  [1m[36mComment Load (0.1ms)[0m  [1mSELECT "comments".* FROM "comments" WHERE "comments"."article_id" = ?[0m  [["article_id", 1]]
  Rendered articles/_comment.html.erb (0.8ms)
  Rendered comments/_form.html.erb (24.5ms)
  Rendered articles/show.html.erb within layouts/application (32.8ms)
Completed 200 OK in 56ms (Views: 55.2ms | ActiveRecord: 0.4ms)


Started GET "/assets/application.self-e80e8f2318043e8af94dddc2adad5a4f09739a8ebb323b3ab31cd71d45fd9113.css?body=1" for 127.0.0.1 at 2016-05-05 22:45:09 +0800


Started GET "/assets/articles.self-e3b0c44298fc1c149afbf4c8996fb92427ae41e4649b934ca495991b7852b855.css?body=1" for 127.0.0.1 at 2016-05-05 22:45:09 +0800


Started GET "/assets/screen.self-16f83778566f2ea814368100ac8e534d7de4921c8d7334c3f01cc357b90c6547.css?body=1" for 127.0.0.1 at 2016-05-05 22:45:09 +0800


Started GET "/assets/jquery.self-660adc51e0224b731d29f575a6f1ec167ba08ad06ed5deca4f1e8654c135bf4c.js?body=1" for 127.0.0.1 at 2016-05-05 22:45:09 +0800


Started GET "/assets/jquery_ujs.self-e87806d0cf4489aeb1bb7288016024e8de67fd18db693fe026fe3907581e53cd.js?body=1" for 127.0.0.1 at 2016-05-05 22:45:09 +0800


Started GET "/assets/turbolinks.self-c37727e9bd6b2735da5c311aa83fead54ed0be6cc8bd9a65309e9c5abe2cbfff.js?body=1" for 127.0.0.1 at 2016-05-05 22:45:09 +0800


Started GET "/assets/comments.self-e3b0c44298fc1c149afbf4c8996fb92427ae41e4649b934ca495991b7852b855.css?body=1" for 127.0.0.1 at 2016-05-05 22:45:09 +0800


Started GET "/assets/articles.self-877aef30ae1b040ab8a3aba4e3e309a11d7f2612f44dde450b5c157aa5f95c05.js?body=1" for 127.0.0.1 at 2016-05-05 22:45:09 +0800


Started GET "/assets/comments.self-877aef30ae1b040ab8a3aba4e3e309a11d7f2612f44dde450b5c157aa5f95c05.js?body=1" for 127.0.0.1 at 2016-05-05 22:45:09 +0800


Started GET "/assets/application.self-3b8dabdc891efe46b9a144b400ad69e37d7e5876bdc39dee783419a69d7ca819.js?body=1" for 127.0.0.1 at 2016-05-05 22:45:09 +0800


Started GET "/articles/1" for 127.0.0.1 at 2016-05-05 22:46:20 +0800
Processing by ArticlesController#show as HTML
  Parameters: {"id"=>"1"}
  [1m[35mArticle Load (0.2ms)[0m  SELECT  "articles".* FROM "articles" WHERE "articles"."id" = ? LIMIT 1  [["id", 1]]
  [1m[36m (0.1ms)[0m  [1mSELECT COUNT(*) FROM "comments" WHERE "comments"."article_id" = ?[0m  [["article_id", 1]]
  [1m[35mComment Load (0.2ms)[0m  SELECT "comments".* FROM "comments" WHERE "comments"."article_id" = ?  [["article_id", 1]]
  Rendered articles/_comment.html.erb (15.9ms)
  Rendered articles/show.html.erb within layouts/application (18.6ms)
Completed 500 Internal Server Error in 22ms (ActiveRecord: 0.5ms)

ActionView::Template::Error (undefined local variable or method `article' for #<#<Class:0x007f72c5a1dc60>:0x007f72c6f973e8>):
    1: <div>
    2: 	<h4>Comment by <%= comment.author_name %></h4>
    3: 	<p class="comment"><%= comment.body %></p>
    4: 	<p>Posted <%= distance_of_time_in_words(article.comment.created_at, comment.created_at) %> later</p>
    5: </div>
  app/views/articles/_comment.html.erb:4:in `_app_views_articles__comment_html_erb__1049973337227489573_70065470433340'
  app/views/articles/show.html.erb:8:in `_app_views_articles_show_html_erb__1132498858765623172_27774640'


  Rendered /home/gio/.rvm/gems/ruby-2.2.4/gems/actionpack-4.2.6/lib/action_dispatch/middleware/templates/rescues/_source.erb (7.0ms)
  Rendered /home/gio/.rvm/gems/ruby-2.2.4/gems/actionpack-4.2.6/lib/action_dispatch/middleware/templates/rescues/_trace.html.erb (2.9ms)
  Rendered /home/gio/.rvm/gems/ruby-2.2.4/gems/actionpack-4.2.6/lib/action_dispatch/middleware/templates/rescues/_request_and_response.html.erb (1.0ms)
  Rendered /home/gio/.rvm/gems/ruby-2.2.4/gems/actionpack-4.2.6/lib/action_dispatch/middleware/templates/rescues/template_error.html.erb within rescues/layout (45.4ms)
  Rendered /home/gio/.rvm/gems/ruby-2.2.4/gems/web-console-2.3.0/lib/web_console/templates/_markup.html.erb (0.8ms)
  Rendered /home/gio/.rvm/gems/ruby-2.2.4/gems/web-console-2.3.0/lib/web_console/templates/_inner_console_markup.html.erb within layouts/inlined_string (0.3ms)
  Rendered /home/gio/.rvm/gems/ruby-2.2.4/gems/web-console-2.3.0/lib/web_console/templates/_prompt_box_markup.html.erb within layouts/inlined_string (0.3ms)
  Rendered /home/gio/.rvm/gems/ruby-2.2.4/gems/web-console-2.3.0/lib/web_console/templates/style.css.erb within layouts/inlined_string (0.3ms)
  Rendered /home/gio/.rvm/gems/ruby-2.2.4/gems/web-console-2.3.0/lib/web_console/templates/console.js.erb within layouts/javascript (16.5ms)
  Rendered /home/gio/.rvm/gems/ruby-2.2.4/gems/web-console-2.3.0/lib/web_console/templates/main.js.erb within layouts/javascript (0.4ms)
  Rendered /home/gio/.rvm/gems/ruby-2.2.4/gems/web-console-2.3.0/lib/web_console/templates/error_page.js.erb within layouts/javascript (0.5ms)
  Rendered /home/gio/.rvm/gems/ruby-2.2.4/gems/web-console-2.3.0/lib/web_console/templates/index.html.erb (36.5ms)


Started GET "/articles/1" for 127.0.0.1 at 2016-05-05 22:46:34 +0800
Processing by ArticlesController#show as HTML
  Parameters: {"id"=>"1"}
  [1m[36mArticle Load (0.1ms)[0m  [1mSELECT  "articles".* FROM "articles" WHERE "articles"."id" = ? LIMIT 1[0m  [["id", 1]]
  [1m[35m (0.2ms)[0m  SELECT COUNT(*) FROM "comments" WHERE "comments"."article_id" = ?  [["article_id", 1]]
  [1m[36mComment Load (0.1ms)[0m  [1mSELECT "comments".* FROM "comments" WHERE "comments"."article_id" = ?[0m  [["article_id", 1]]
  Rendered articles/_comment.html.erb (12.8ms)
  Rendered articles/show.html.erb within layouts/application (17.0ms)
Completed 500 Internal Server Error in 20ms (ActiveRecord: 0.4ms)

ActionView::Template::Error (undefined local variable or method `article' for #<#<Class:0x007f72c5a1dc60>:0x00000003189e78>):
    1: <div>
    2: 	<h4>Comment by <%= comment.author_name %></h4>
    3: 	<p class="comment"><%= comment.body %></p>
    4: 	<p>Posted <%= distance_of_time_in_words(article.comment.created_at, comment.created_at) %> later</p>
    5: </div>
  app/views/articles/_comment.html.erb:4:in `_app_views_articles__comment_html_erb__1049973337227489573_70065470433340'
  app/views/articles/show.html.erb:8:in `_app_views_articles_show_html_erb__1132498858765623172_27774640'


  Rendered /home/gio/.rvm/gems/ruby-2.2.4/gems/actionpack-4.2.6/lib/action_dispatch/middleware/templates/rescues/_source.erb (6.2ms)
  Rendered /home/gio/.rvm/gems/ruby-2.2.4/gems/actionpack-4.2.6/lib/action_dispatch/middleware/templates/rescues/_trace.html.erb (3.2ms)
  Rendered /home/gio/.rvm/gems/ruby-2.2.4/gems/actionpack-4.2.6/lib/action_dispatch/middleware/templates/rescues/_request_and_response.html.erb (1.0ms)
  Rendered /home/gio/.rvm/gems/ruby-2.2.4/gems/actionpack-4.2.6/lib/action_dispatch/middleware/templates/rescues/template_error.html.erb within rescues/layout (25.0ms)
  Rendered /home/gio/.rvm/gems/ruby-2.2.4/gems/web-console-2.3.0/lib/web_console/templates/_markup.html.erb (0.4ms)
  Rendered /home/gio/.rvm/gems/ruby-2.2.4/gems/web-console-2.3.0/lib/web_console/templates/_inner_console_markup.html.erb within layouts/inlined_string (0.4ms)
  Rendered /home/gio/.rvm/gems/ruby-2.2.4/gems/web-console-2.3.0/lib/web_console/templates/_prompt_box_markup.html.erb within layouts/inlined_string (0.2ms)
  Rendered /home/gio/.rvm/gems/ruby-2.2.4/gems/web-console-2.3.0/lib/web_console/templates/style.css.erb within layouts/inlined_string (0.4ms)
  Rendered /home/gio/.rvm/gems/ruby-2.2.4/gems/web-console-2.3.0/lib/web_console/templates/console.js.erb within layouts/javascript (16.0ms)
  Rendered /home/gio/.rvm/gems/ruby-2.2.4/gems/web-console-2.3.0/lib/web_console/templates/main.js.erb within layouts/javascript (0.2ms)
  Rendered /home/gio/.rvm/gems/ruby-2.2.4/gems/web-console-2.3.0/lib/web_console/templates/error_page.js.erb within layouts/javascript (0.4ms)
  Rendered /home/gio/.rvm/gems/ruby-2.2.4/gems/web-console-2.3.0/lib/web_console/templates/index.html.erb (31.9ms)


Started GET "/articles/1" for 127.0.0.1 at 2016-05-05 22:46:42 +0800
Processing by ArticlesController#show as HTML
  Parameters: {"id"=>"1"}
  [1m[35mArticle Load (0.1ms)[0m  SELECT  "articles".* FROM "articles" WHERE "articles"."id" = ? LIMIT 1  [["id", 1]]
  [1m[36m (0.2ms)[0m  [1mSELECT COUNT(*) FROM "comments" WHERE "comments"."article_id" = ?[0m  [["article_id", 1]]
  [1m[35mComment Load (0.1ms)[0m  SELECT "comments".* FROM "comments" WHERE "comments"."article_id" = ?  [["article_id", 1]]
  Rendered articles/_comment.html.erb (15.0ms)
  Rendered articles/show.html.erb within layouts/application (20.8ms)
Completed 500 Internal Server Error in 24ms (ActiveRecord: 0.3ms)

ActionView::Template::Error (undefined local variable or method `article' for #<#<Class:0x007f72c5a1dc60>:0x007f72c56d7470>):
    1: <div>
    2: 	<h4>Comment by <%= comment.author_name %></h4>
    3: 	<p class="comment"><%= comment.body %></p>
    4: 	<p>Posted <%= distance_of_time_in_words(article.comment.created_at, comment.created_at) %> later</p>
    5: </div>
  app/views/articles/_comment.html.erb:4:in `_app_views_articles__comment_html_erb__1049973337227489573_70065470433340'
  app/views/articles/show.html.erb:8:in `_app_views_articles_show_html_erb__1132498858765623172_27774640'


  Rendered /home/gio/.rvm/gems/ruby-2.2.4/gems/actionpack-4.2.6/lib/action_dispatch/middleware/templates/rescues/_source.erb (7.1ms)
  Rendered /home/gio/.rvm/gems/ruby-2.2.4/gems/actionpack-4.2.6/lib/action_dispatch/middleware/templates/rescues/_trace.html.erb (2.4ms)
  Rendered /home/gio/.rvm/gems/ruby-2.2.4/gems/actionpack-4.2.6/lib/action_dispatch/middleware/templates/rescues/_request_and_response.html.erb (0.9ms)
  Rendered /home/gio/.rvm/gems/ruby-2.2.4/gems/actionpack-4.2.6/lib/action_dispatch/middleware/templates/rescues/template_error.html.erb within rescues/layout (23.6ms)
  Rendered /home/gio/.rvm/gems/ruby-2.2.4/gems/web-console-2.3.0/lib/web_console/templates/_markup.html.erb (0.4ms)
  Rendered /home/gio/.rvm/gems/ruby-2.2.4/gems/web-console-2.3.0/lib/web_console/templates/_inner_console_markup.html.erb within layouts/inlined_string (0.4ms)
  Rendered /home/gio/.rvm/gems/ruby-2.2.4/gems/web-console-2.3.0/lib/web_console/templates/_prompt_box_markup.html.erb within layouts/inlined_string (0.3ms)
  Rendered /home/gio/.rvm/gems/ruby-2.2.4/gems/web-console-2.3.0/lib/web_console/templates/style.css.erb within layouts/inlined_string (0.3ms)
  Rendered /home/gio/.rvm/gems/ruby-2.2.4/gems/web-console-2.3.0/lib/web_console/templates/console.js.erb within layouts/javascript (17.4ms)
  Rendered /home/gio/.rvm/gems/ruby-2.2.4/gems/web-console-2.3.0/lib/web_console/templates/main.js.erb within layouts/javascript (0.2ms)
  Rendered /home/gio/.rvm/gems/ruby-2.2.4/gems/web-console-2.3.0/lib/web_console/templates/error_page.js.erb within layouts/javascript (0.5ms)
  Rendered /home/gio/.rvm/gems/ruby-2.2.4/gems/web-console-2.3.0/lib/web_console/templates/index.html.erb (43.3ms)


Started GET "/articles/1" for 127.0.0.1 at 2016-05-05 22:46:49 +0800
Processing by ArticlesController#show as HTML
  Parameters: {"id"=>"1"}
  [1m[36mArticle Load (0.1ms)[0m  [1mSELECT  "articles".* FROM "articles" WHERE "articles"."id" = ? LIMIT 1[0m  [["id", 1]]
  [1m[35m (0.1ms)[0m  SELECT COUNT(*) FROM "comments" WHERE "comments"."article_id" = ?  [["article_id", 1]]
  [1m[36mComment Load (0.2ms)[0m  [1mSELECT "comments".* FROM "comments" WHERE "comments"."article_id" = ?[0m  [["article_id", 1]]
  Rendered articles/_comment.html.erb (1.0ms)
  Rendered comments/_form.html.erb (1.2ms)
  Rendered articles/show.html.erb within layouts/application (6.4ms)
Completed 200 OK in 25ms (Views: 23.5ms | ActiveRecord: 0.4ms)


Started GET "/assets/articles.self-e3b0c44298fc1c149afbf4c8996fb92427ae41e4649b934ca495991b7852b855.css?body=1" for 127.0.0.1 at 2016-05-05 22:46:49 +0800


Started GET "/assets/screen.self-16f83778566f2ea814368100ac8e534d7de4921c8d7334c3f01cc357b90c6547.css?body=1" for 127.0.0.1 at 2016-05-05 22:46:49 +0800


Started GET "/assets/comments.self-e3b0c44298fc1c149afbf4c8996fb92427ae41e4649b934ca495991b7852b855.css?body=1" for 127.0.0.1 at 2016-05-05 22:46:49 +0800


Started GET "/assets/turbolinks.self-c37727e9bd6b2735da5c311aa83fead54ed0be6cc8bd9a65309e9c5abe2cbfff.js?body=1" for 127.0.0.1 at 2016-05-05 22:46:49 +0800


Started GET "/assets/jquery_ujs.self-e87806d0cf4489aeb1bb7288016024e8de67fd18db693fe026fe3907581e53cd.js?body=1" for 127.0.0.1 at 2016-05-05 22:46:49 +0800


Started GET "/assets/jquery.self-660adc51e0224b731d29f575a6f1ec167ba08ad06ed5deca4f1e8654c135bf4c.js?body=1" for 127.0.0.1 at 2016-05-05 22:46:49 +0800


Started GET "/assets/application.self-e80e8f2318043e8af94dddc2adad5a4f09739a8ebb323b3ab31cd71d45fd9113.css?body=1" for 127.0.0.1 at 2016-05-05 22:46:49 +0800


Started GET "/assets/articles.self-877aef30ae1b040ab8a3aba4e3e309a11d7f2612f44dde450b5c157aa5f95c05.js?body=1" for 127.0.0.1 at 2016-05-05 22:46:49 +0800


Started GET "/assets/comments.self-877aef30ae1b040ab8a3aba4e3e309a11d7f2612f44dde450b5c157aa5f95c05.js?body=1" for 127.0.0.1 at 2016-05-05 22:46:49 +0800


Started GET "/assets/application.self-3b8dabdc891efe46b9a144b400ad69e37d7e5876bdc39dee783419a69d7ca819.js?body=1" for 127.0.0.1 at 2016-05-05 22:46:49 +0800


Started GET "/articles/1" for 127.0.0.1 at 2016-05-05 22:46:59 +0800
Processing by ArticlesController#show as HTML
  Parameters: {"id"=>"1"}
  [1m[35mArticle Load (0.1ms)[0m  SELECT  "articles".* FROM "articles" WHERE "articles"."id" = ? LIMIT 1  [["id", 1]]
  [1m[36m (0.1ms)[0m  [1mSELECT COUNT(*) FROM "comments" WHERE "comments"."article_id" = ?[0m  [["article_id", 1]]
  [1m[35mComment Load (0.1ms)[0m  SELECT "comments".* FROM "comments" WHERE "comments"."article_id" = ?  [["article_id", 1]]
  Rendered articles/_comment.html.erb (1.0ms)
  Rendered comments/_form.html.erb (0.9ms)
  Rendered articles/show.html.erb within layouts/application (5.9ms)
Completed 200 OK in 24ms (Views: 22.5ms | ActiveRecord: 0.3ms)


Started GET "/assets/articles.self-e3b0c44298fc1c149afbf4c8996fb92427ae41e4649b934ca495991b7852b855.css?body=1" for 127.0.0.1 at 2016-05-05 22:46:59 +0800


Started GET "/assets/application.self-e80e8f2318043e8af94dddc2adad5a4f09739a8ebb323b3ab31cd71d45fd9113.css?body=1" for 127.0.0.1 at 2016-05-05 22:46:59 +0800


Started GET "/assets/comments.self-e3b0c44298fc1c149afbf4c8996fb92427ae41e4649b934ca495991b7852b855.css?body=1" for 127.0.0.1 at 2016-05-05 22:46:59 +0800


Started GET "/assets/screen.self-16f83778566f2ea814368100ac8e534d7de4921c8d7334c3f01cc357b90c6547.css?body=1" for 127.0.0.1 at 2016-05-05 22:46:59 +0800


Started GET "/assets/jquery_ujs.self-e87806d0cf4489aeb1bb7288016024e8de67fd18db693fe026fe3907581e53cd.js?body=1" for 127.0.0.1 at 2016-05-05 22:46:59 +0800


Started GET "/assets/jquery.self-660adc51e0224b731d29f575a6f1ec167ba08ad06ed5deca4f1e8654c135bf4c.js?body=1" for 127.0.0.1 at 2016-05-05 22:46:59 +0800


Started GET "/assets/turbolinks.self-c37727e9bd6b2735da5c311aa83fead54ed0be6cc8bd9a65309e9c5abe2cbfff.js?body=1" for 127.0.0.1 at 2016-05-05 22:46:59 +0800


Started GET "/assets/articles.self-877aef30ae1b040ab8a3aba4e3e309a11d7f2612f44dde450b5c157aa5f95c05.js?body=1" for 127.0.0.1 at 2016-05-05 22:46:59 +0800


Started GET "/assets/comments.self-877aef30ae1b040ab8a3aba4e3e309a11d7f2612f44dde450b5c157aa5f95c05.js?body=1" for 127.0.0.1 at 2016-05-05 22:46:59 +0800


Started GET "/assets/application.self-3b8dabdc891efe46b9a144b400ad69e37d7e5876bdc39dee783419a69d7ca819.js?body=1" for 127.0.0.1 at 2016-05-05 22:46:59 +0800


Started GET "/articles/1" for 127.0.0.1 at 2016-05-05 22:47:14 +0800
Processing by ArticlesController#show as HTML
  Parameters: {"id"=>"1"}
  [1m[36mArticle Load (0.2ms)[0m  [1mSELECT  "articles".* FROM "articles" WHERE "articles"."id" = ? LIMIT 1[0m  [["id", 1]]
  [1m[35m (0.1ms)[0m  SELECT COUNT(*) FROM "comments" WHERE "comments"."article_id" = ?  [["article_id", 1]]
  [1m[36mComment Load (0.1ms)[0m  [1mSELECT "comments".* FROM "comments" WHERE "comments"."article_id" = ?[0m  [["article_id", 1]]
  Rendered articles/_comment.html.erb (0.5ms)
  Rendered comments/_form.html.erb (1.0ms)
  Rendered articles/show.html.erb within layouts/application (4.7ms)
Completed 200 OK in 23ms (Views: 21.3ms | ActiveRecord: 0.4ms)


Started GET "/assets/screen.self-16f83778566f2ea814368100ac8e534d7de4921c8d7334c3f01cc357b90c6547.css?body=1" for 127.0.0.1 at 2016-05-05 22:47:14 +0800


Started GET "/assets/application.self-e80e8f2318043e8af94dddc2adad5a4f09739a8ebb323b3ab31cd71d45fd9113.css?body=1" for 127.0.0.1 at 2016-05-05 22:47:14 +0800


Started GET "/assets/jquery_ujs.self-e87806d0cf4489aeb1bb7288016024e8de67fd18db693fe026fe3907581e53cd.js?body=1" for 127.0.0.1 at 2016-05-05 22:47:14 +0800


Started GET "/assets/articles.self-e3b0c44298fc1c149afbf4c8996fb92427ae41e4649b934ca495991b7852b855.css?body=1" for 127.0.0.1 at 2016-05-05 22:47:14 +0800


Started GET "/assets/comments.self-e3b0c44298fc1c149afbf4c8996fb92427ae41e4649b934ca495991b7852b855.css?body=1" for 127.0.0.1 at 2016-05-05 22:47:14 +0800


Started GET "/assets/jquery.self-660adc51e0224b731d29f575a6f1ec167ba08ad06ed5deca4f1e8654c135bf4c.js?body=1" for 127.0.0.1 at 2016-05-05 22:47:14 +0800


Started GET "/assets/turbolinks.self-c37727e9bd6b2735da5c311aa83fead54ed0be6cc8bd9a65309e9c5abe2cbfff.js?body=1" for 127.0.0.1 at 2016-05-05 22:47:14 +0800


Started GET "/assets/comments.self-877aef30ae1b040ab8a3aba4e3e309a11d7f2612f44dde450b5c157aa5f95c05.js?body=1" for 127.0.0.1 at 2016-05-05 22:47:14 +0800


Started GET "/assets/articles.self-877aef30ae1b040ab8a3aba4e3e309a11d7f2612f44dde450b5c157aa5f95c05.js?body=1" for 127.0.0.1 at 2016-05-05 22:47:14 +0800


Started GET "/assets/application.self-3b8dabdc891efe46b9a144b400ad69e37d7e5876bdc39dee783419a69d7ca819.js?body=1" for 127.0.0.1 at 2016-05-05 22:47:14 +0800
